15-Nov-2017 21:14:58.926 INFO [main] org.apache.catalina.startup.VersionLoggerListener.log Server version:        Apache Tomcat/9.0.0.M13
15-Nov-2017 21:14:58.950 INFO [main] org.apache.catalina.startup.VersionLoggerListener.log Server built:          Nov 3 2016 20:59:41 UTC
15-Nov-2017 21:14:58.951 INFO [main] org.apache.catalina.startup.VersionLoggerListener.log Server number:         9.0.0.0
15-Nov-2017 21:14:58.953 INFO [main] org.apache.catalina.startup.VersionLoggerListener.log OS Name:               Windows 10
15-Nov-2017 21:14:58.953 INFO [main] org.apache.catalina.startup.VersionLoggerListener.log OS Version:            10.0
15-Nov-2017 21:14:58.953 INFO [main] org.apache.catalina.startup.VersionLoggerListener.log Architecture:          amd64
15-Nov-2017 21:14:58.954 INFO [main] org.apache.catalina.startup.VersionLoggerListener.log Java Home:             C:\Program Files\Java\jdk1.8.0_144\jre
15-Nov-2017 21:14:58.954 INFO [main] org.apache.catalina.startup.VersionLoggerListener.log JVM Version:           1.8.0_144-b01
15-Nov-2017 21:14:58.956 INFO [main] org.apache.catalina.startup.VersionLoggerListener.log JVM Vendor:            Oracle Corporation
15-Nov-2017 21:14:58.956 INFO [main] org.apache.catalina.startup.VersionLoggerListener.log CATALINA_BASE:         W:\Git\etc\Work\WEBIR\apache-tomcat-9.0.0.M13
15-Nov-2017 21:14:58.958 INFO [main] org.apache.catalina.startup.VersionLoggerListener.log CATALINA_HOME:         W:\Git\etc\Work\WEBIR\apache-tomcat-9.0.0.M13
15-Nov-2017 21:14:58.963 INFO [main] org.apache.catalina.startup.VersionLoggerListener.log Command line argument: -Djdk.tls.ephemeralDHKeySize=2048
15-Nov-2017 21:14:58.963 INFO [main] org.apache.catalina.startup.VersionLoggerListener.log Command line argument: -Djava.protocol.handler.pkgs=org.apache.catalina.webresources
15-Nov-2017 21:14:58.963 INFO [main] org.apache.catalina.startup.VersionLoggerListener.log Command line argument: -Djava.util.logging.config.file=W:\Git\etc\Work\WEBIR\apache-tomcat-9.0.0.M13\conf\logging.properties
15-Nov-2017 21:14:58.963 INFO [main] org.apache.catalina.startup.VersionLoggerListener.log Command line argument: -Djava.util.logging.manager=org.apache.juli.ClassLoaderLogManager
15-Nov-2017 21:14:58.964 INFO [main] org.apache.catalina.startup.VersionLoggerListener.log Command line argument: -Dcatalina.base=W:\Git\etc\Work\WEBIR\apache-tomcat-9.0.0.M13
15-Nov-2017 21:14:58.964 INFO [main] org.apache.catalina.startup.VersionLoggerListener.log Command line argument: -Dcatalina.home=W:\Git\etc\Work\WEBIR\apache-tomcat-9.0.0.M13
15-Nov-2017 21:14:58.964 INFO [main] org.apache.catalina.startup.VersionLoggerListener.log Command line argument: -Djava.io.tmpdir=W:\Git\etc\Work\WEBIR\apache-tomcat-9.0.0.M13\temp
15-Nov-2017 21:14:58.966 INFO [main] org.apache.catalina.core.AprLifecycleListener.lifecycleEvent Loaded APR based Apache Tomcat Native library 1.2.10 using APR version 1.5.2.
15-Nov-2017 21:14:58.967 INFO [main] org.apache.catalina.core.AprLifecycleListener.lifecycleEvent APR capabilities: IPv6 [true], sendfile [true], accept filters [false], random [true].
15-Nov-2017 21:14:58.967 INFO [main] org.apache.catalina.core.AprLifecycleListener.lifecycleEvent APR/OpenSSL configuration: useAprConnector [false], useOpenSSL [true]
15-Nov-2017 21:14:59.658 INFO [main] org.apache.catalina.core.AprLifecycleListener.initializeSSL OpenSSL successfully initialized (OpenSSL 1.0.2j  26 Sep 2016)
15-Nov-2017 21:15:00.307 INFO [main] org.apache.coyote.AbstractProtocol.init Initializing ProtocolHandler ["http-nio-8080"]
15-Nov-2017 21:15:00.446 INFO [main] org.apache.tomcat.util.net.NioSelectorPool.getSharedSelector Using a shared selector for servlet write/read
15-Nov-2017 21:15:00.449 INFO [main] org.apache.coyote.AbstractProtocol.init Initializing ProtocolHandler ["ajp-nio-8009"]
15-Nov-2017 21:15:00.457 INFO [main] org.apache.tomcat.util.net.NioSelectorPool.getSharedSelector Using a shared selector for servlet write/read
15-Nov-2017 21:15:00.459 INFO [main] org.apache.catalina.startup.Catalina.load Initialization processed in 2291 ms
15-Nov-2017 21:15:00.510 INFO [main] org.apache.catalina.core.StandardService.startInternal Starting service Catalina
15-Nov-2017 21:15:00.510 INFO [main] org.apache.catalina.core.StandardEngine.startInternal Starting Servlet Engine: Apache Tomcat/9.0.0.M13
15-Nov-2017 21:15:00.523 INFO [localhost-startStop-1] org.apache.catalina.startup.HostConfig.deployDirectory Deploying web application directory W:\Git\etc\Work\WEBIR\apache-tomcat-9.0.0.M13\webapps\docs
15-Nov-2017 21:15:01.026 INFO [localhost-startStop-1] org.apache.catalina.startup.HostConfig.deployDirectory Deployment of web application directory W:\Git\etc\Work\WEBIR\apache-tomcat-9.0.0.M13\webapps\docs has finished in 502 ms
15-Nov-2017 21:15:01.026 INFO [localhost-startStop-1] org.apache.catalina.startup.HostConfig.deployDirectory Deploying web application directory W:\Git\etc\Work\WEBIR\apache-tomcat-9.0.0.M13\webapps\examples
15-Nov-2017 21:15:02.315 INFO [localhost-startStop-1] org.apache.catalina.startup.HostConfig.deployDirectory Deployment of web application directory W:\Git\etc\Work\WEBIR\apache-tomcat-9.0.0.M13\webapps\examples has finished in 1,289 ms
15-Nov-2017 21:15:02.315 INFO [localhost-startStop-1] org.apache.catalina.startup.HostConfig.deployDirectory Deploying web application directory W:\Git\etc\Work\WEBIR\apache-tomcat-9.0.0.M13\webapps\host-manager
15-Nov-2017 21:15:02.385 INFO [localhost-startStop-1] org.apache.catalina.startup.HostConfig.deployDirectory Deployment of web application directory W:\Git\etc\Work\WEBIR\apache-tomcat-9.0.0.M13\webapps\host-manager has finished in 70 ms
15-Nov-2017 21:15:02.386 INFO [localhost-startStop-1] org.apache.catalina.startup.HostConfig.deployDirectory Deploying web application directory W:\Git\etc\Work\WEBIR\apache-tomcat-9.0.0.M13\webapps\luceneweb
15-Nov-2017 21:15:03.647 INFO [localhost-startStop-1] org.apache.jasper.servlet.TldScanner.scanJars At least one JAR was scanned for TLDs yet contained no TLDs. Enable debug logging for this logger for a complete list of JARs that were scanned but no TLDs were found in them. Skipping unneeded JARs during scanning can improve startup time and JSP compilation time.
15-Nov-2017 21:15:03.661 INFO [localhost-startStop-1] org.apache.catalina.startup.HostConfig.deployDirectory Deployment of web application directory W:\Git\etc\Work\WEBIR\apache-tomcat-9.0.0.M13\webapps\luceneweb has finished in 1,275 ms
15-Nov-2017 21:15:03.664 INFO [localhost-startStop-1] org.apache.catalina.startup.HostConfig.deployDirectory Deploying web application directory W:\Git\etc\Work\WEBIR\apache-tomcat-9.0.0.M13\webapps\manager
15-Nov-2017 21:15:03.757 INFO [localhost-startStop-1] org.apache.catalina.startup.HostConfig.deployDirectory Deployment of web application directory W:\Git\etc\Work\WEBIR\apache-tomcat-9.0.0.M13\webapps\manager has finished in 93 ms
15-Nov-2017 21:15:03.758 INFO [localhost-startStop-1] org.apache.catalina.startup.HostConfig.deployDirectory Deploying web application directory W:\Git\etc\Work\WEBIR\apache-tomcat-9.0.0.M13\webapps\ROOT
15-Nov-2017 21:15:03.815 INFO [localhost-startStop-1] org.apache.catalina.startup.HostConfig.deployDirectory Deployment of web application directory W:\Git\etc\Work\WEBIR\apache-tomcat-9.0.0.M13\webapps\ROOT has finished in 58 ms
15-Nov-2017 21:15:03.829 INFO [main] org.apache.coyote.AbstractProtocol.start Starting ProtocolHandler [http-nio-8080]
15-Nov-2017 21:15:03.847 INFO [main] org.apache.coyote.AbstractProtocol.start Starting ProtocolHandler [ajp-nio-8009]
15-Nov-2017 21:15:03.850 INFO [main] org.apache.catalina.startup.Catalina.start Server startup in 3389 ms
