13-Nov-2017 08:39:22.000 INFO [main] org.apache.catalina.startup.VersionLoggerListener.log Server version:        Apache Tomcat/9.0.0.M13
13-Nov-2017 08:39:22.028 INFO [main] org.apache.catalina.startup.VersionLoggerListener.log Server built:          Nov 3 2016 20:59:41 UTC
13-Nov-2017 08:39:22.028 INFO [main] org.apache.catalina.startup.VersionLoggerListener.log Server number:         9.0.0.0
13-Nov-2017 08:39:22.029 INFO [main] org.apache.catalina.startup.VersionLoggerListener.log OS Name:               Windows 10
13-Nov-2017 08:39:22.029 INFO [main] org.apache.catalina.startup.VersionLoggerListener.log OS Version:            10.0
13-Nov-2017 08:39:22.029 INFO [main] org.apache.catalina.startup.VersionLoggerListener.log Architecture:          amd64
13-Nov-2017 08:39:22.029 INFO [main] org.apache.catalina.startup.VersionLoggerListener.log Java Home:             C:\Program Files\Java\jdk1.8.0_144\jre
13-Nov-2017 08:39:22.029 INFO [main] org.apache.catalina.startup.VersionLoggerListener.log JVM Version:           1.8.0_144-b01
13-Nov-2017 08:39:22.029 INFO [main] org.apache.catalina.startup.VersionLoggerListener.log JVM Vendor:            Oracle Corporation
13-Nov-2017 08:39:22.029 INFO [main] org.apache.catalina.startup.VersionLoggerListener.log CATALINA_BASE:         W:\Git\etc\Work\WEBIR\apache-tomcat-9.0.0.M13
13-Nov-2017 08:39:22.029 INFO [main] org.apache.catalina.startup.VersionLoggerListener.log CATALINA_HOME:         W:\Git\etc\Work\WEBIR\apache-tomcat-9.0.0.M13
13-Nov-2017 08:39:22.030 INFO [main] org.apache.catalina.startup.VersionLoggerListener.log Command line argument: -Djdk.tls.ephemeralDHKeySize=2048
13-Nov-2017 08:39:22.030 INFO [main] org.apache.catalina.startup.VersionLoggerListener.log Command line argument: -Djava.protocol.handler.pkgs=org.apache.catalina.webresources
13-Nov-2017 08:39:22.030 INFO [main] org.apache.catalina.startup.VersionLoggerListener.log Command line argument: -Djava.util.logging.config.file=W:\Git\etc\Work\WEBIR\apache-tomcat-9.0.0.M13\conf\logging.properties
13-Nov-2017 08:39:22.030 INFO [main] org.apache.catalina.startup.VersionLoggerListener.log Command line argument: -Djava.util.logging.manager=org.apache.juli.ClassLoaderLogManager
13-Nov-2017 08:39:22.030 INFO [main] org.apache.catalina.startup.VersionLoggerListener.log Command line argument: -Dcatalina.base=W:\Git\etc\Work\WEBIR\apache-tomcat-9.0.0.M13
13-Nov-2017 08:39:22.031 INFO [main] org.apache.catalina.startup.VersionLoggerListener.log Command line argument: -Dcatalina.home=W:\Git\etc\Work\WEBIR\apache-tomcat-9.0.0.M13
13-Nov-2017 08:39:22.032 INFO [main] org.apache.catalina.startup.VersionLoggerListener.log Command line argument: -Djava.io.tmpdir=W:\Git\etc\Work\WEBIR\apache-tomcat-9.0.0.M13\temp
13-Nov-2017 08:39:22.032 INFO [main] org.apache.catalina.core.AprLifecycleListener.lifecycleEvent Loaded APR based Apache Tomcat Native library 1.2.10 using APR version 1.5.2.
13-Nov-2017 08:39:22.033 INFO [main] org.apache.catalina.core.AprLifecycleListener.lifecycleEvent APR capabilities: IPv6 [true], sendfile [true], accept filters [false], random [true].
13-Nov-2017 08:39:22.034 INFO [main] org.apache.catalina.core.AprLifecycleListener.lifecycleEvent APR/OpenSSL configuration: useAprConnector [false], useOpenSSL [true]
13-Nov-2017 08:39:22.583 INFO [main] org.apache.catalina.core.AprLifecycleListener.initializeSSL OpenSSL successfully initialized (OpenSSL 1.0.2j  26 Sep 2016)
13-Nov-2017 08:39:23.047 INFO [main] org.apache.coyote.AbstractProtocol.init Initializing ProtocolHandler ["http-nio-8080"]
13-Nov-2017 08:39:23.184 INFO [main] org.apache.tomcat.util.net.NioSelectorPool.getSharedSelector Using a shared selector for servlet write/read
13-Nov-2017 08:39:23.184 INFO [main] org.apache.coyote.AbstractProtocol.init Initializing ProtocolHandler ["ajp-nio-8009"]
13-Nov-2017 08:39:23.200 INFO [main] org.apache.tomcat.util.net.NioSelectorPool.getSharedSelector Using a shared selector for servlet write/read
13-Nov-2017 08:39:23.200 INFO [main] org.apache.catalina.startup.Catalina.load Initialization processed in 1607 ms
13-Nov-2017 08:39:23.231 INFO [main] org.apache.catalina.core.StandardService.startInternal Starting service Catalina
13-Nov-2017 08:39:23.231 INFO [main] org.apache.catalina.core.StandardEngine.startInternal Starting Servlet Engine: Apache Tomcat/9.0.0.M13
13-Nov-2017 08:39:23.246 INFO [localhost-startStop-1] org.apache.catalina.startup.HostConfig.deployDirectory Deploying web application directory W:\Git\etc\Work\WEBIR\apache-tomcat-9.0.0.M13\webapps\docs
13-Nov-2017 08:39:23.553 INFO [localhost-startStop-1] org.apache.catalina.startup.HostConfig.deployDirectory Deployment of web application directory W:\Git\etc\Work\WEBIR\apache-tomcat-9.0.0.M13\webapps\docs has finished in 307 ms
13-Nov-2017 08:39:23.553 INFO [localhost-startStop-1] org.apache.catalina.startup.HostConfig.deployDirectory Deploying web application directory W:\Git\etc\Work\WEBIR\apache-tomcat-9.0.0.M13\webapps\examples
13-Nov-2017 08:39:24.723 INFO [localhost-startStop-1] org.apache.catalina.startup.HostConfig.deployDirectory Deployment of web application directory W:\Git\etc\Work\WEBIR\apache-tomcat-9.0.0.M13\webapps\examples has finished in 1,170 ms
13-Nov-2017 08:39:24.724 INFO [localhost-startStop-1] org.apache.catalina.startup.HostConfig.deployDirectory Deploying web application directory W:\Git\etc\Work\WEBIR\apache-tomcat-9.0.0.M13\webapps\host-manager
13-Nov-2017 08:39:24.779 INFO [localhost-startStop-1] org.apache.catalina.startup.HostConfig.deployDirectory Deployment of web application directory W:\Git\etc\Work\WEBIR\apache-tomcat-9.0.0.M13\webapps\host-manager has finished in 55 ms
13-Nov-2017 08:39:24.779 INFO [localhost-startStop-1] org.apache.catalina.startup.HostConfig.deployDirectory Deploying web application directory W:\Git\etc\Work\WEBIR\apache-tomcat-9.0.0.M13\webapps\luceneweb
13-Nov-2017 08:39:25.733 INFO [localhost-startStop-1] org.apache.jasper.servlet.TldScanner.scanJars At least one JAR was scanned for TLDs yet contained no TLDs. Enable debug logging for this logger for a complete list of JARs that were scanned but no TLDs were found in them. Skipping unneeded JARs during scanning can improve startup time and JSP compilation time.
13-Nov-2017 08:39:25.750 INFO [localhost-startStop-1] org.apache.catalina.startup.HostConfig.deployDirectory Deployment of web application directory W:\Git\etc\Work\WEBIR\apache-tomcat-9.0.0.M13\webapps\luceneweb has finished in 970 ms
13-Nov-2017 08:39:25.751 INFO [localhost-startStop-1] org.apache.catalina.startup.HostConfig.deployDirectory Deploying web application directory W:\Git\etc\Work\WEBIR\apache-tomcat-9.0.0.M13\webapps\manager
13-Nov-2017 08:39:25.792 INFO [localhost-startStop-1] org.apache.catalina.startup.HostConfig.deployDirectory Deployment of web application directory W:\Git\etc\Work\WEBIR\apache-tomcat-9.0.0.M13\webapps\manager has finished in 41 ms
13-Nov-2017 08:39:25.795 INFO [localhost-startStop-1] org.apache.catalina.startup.HostConfig.deployDirectory Deploying web application directory W:\Git\etc\Work\WEBIR\apache-tomcat-9.0.0.M13\webapps\ROOT
13-Nov-2017 08:39:25.825 INFO [localhost-startStop-1] org.apache.catalina.startup.HostConfig.deployDirectory Deployment of web application directory W:\Git\etc\Work\WEBIR\apache-tomcat-9.0.0.M13\webapps\ROOT has finished in 30 ms
13-Nov-2017 08:39:25.831 INFO [main] org.apache.coyote.AbstractProtocol.start Starting ProtocolHandler [http-nio-8080]
13-Nov-2017 08:39:25.842 INFO [main] org.apache.coyote.AbstractProtocol.start Starting ProtocolHandler [ajp-nio-8009]
13-Nov-2017 08:39:25.846 INFO [main] org.apache.catalina.startup.Catalina.start Server startup in 2645 ms
13-Nov-2017 08:44:51.974 INFO [Thread-5] org.apache.coyote.AbstractProtocol.pause Pausing ProtocolHandler ["http-nio-8080"]
13-Nov-2017 08:44:52.036 INFO [Thread-5] org.apache.coyote.AbstractProtocol.pause Pausing ProtocolHandler ["ajp-nio-8009"]
13-Nov-2017 08:44:52.099 INFO [Thread-5] org.apache.catalina.core.StandardService.stopInternal Stopping service Catalina
13-Nov-2017 08:44:52.146 INFO [Thread-5] org.apache.coyote.AbstractProtocol.stop Stopping ProtocolHandler ["http-nio-8080"]
13-Nov-2017 08:44:52.146 INFO [Thread-5] org.apache.coyote.AbstractProtocol.stop Stopping ProtocolHandler ["ajp-nio-8009"]
13-Nov-2017 08:44:52.146 INFO [Thread-5] org.apache.coyote.AbstractProtocol.destroy Destroying ProtocolHandler ["http-nio-8080"]
13-Nov-2017 08:44:52.161 INFO [Thread-5] org.apache.coyote.AbstractProtocol.destroy Destroying ProtocolHandler ["ajp-nio-8009"]
13-Nov-2017 08:45:12.148 INFO [main] org.apache.catalina.startup.VersionLoggerListener.log Server version:        Apache Tomcat/9.0.0.M13
13-Nov-2017 08:45:12.148 INFO [main] org.apache.catalina.startup.VersionLoggerListener.log Server built:          Nov 3 2016 20:59:41 UTC
13-Nov-2017 08:45:12.148 INFO [main] org.apache.catalina.startup.VersionLoggerListener.log Server number:         9.0.0.0
13-Nov-2017 08:45:12.148 INFO [main] org.apache.catalina.startup.VersionLoggerListener.log OS Name:               Windows 10
13-Nov-2017 08:45:12.148 INFO [main] org.apache.catalina.startup.VersionLoggerListener.log OS Version:            10.0
13-Nov-2017 08:45:12.148 INFO [main] org.apache.catalina.startup.VersionLoggerListener.log Architecture:          amd64
13-Nov-2017 08:45:12.148 INFO [main] org.apache.catalina.startup.VersionLoggerListener.log Java Home:             C:\Program Files\Java\jdk1.8.0_144\jre
13-Nov-2017 08:45:12.148 INFO [main] org.apache.catalina.startup.VersionLoggerListener.log JVM Version:           1.8.0_144-b01
13-Nov-2017 08:45:12.148 INFO [main] org.apache.catalina.startup.VersionLoggerListener.log JVM Vendor:            Oracle Corporation
13-Nov-2017 08:45:12.148 INFO [main] org.apache.catalina.startup.VersionLoggerListener.log CATALINA_BASE:         W:\Git\etc\Work\WEBIR\apache-tomcat-9.0.0.M13
13-Nov-2017 08:45:12.148 INFO [main] org.apache.catalina.startup.VersionLoggerListener.log CATALINA_HOME:         W:\Git\etc\Work\WEBIR\apache-tomcat-9.0.0.M13
13-Nov-2017 08:45:12.148 INFO [main] org.apache.catalina.startup.VersionLoggerListener.log Command line argument: -Djdk.tls.ephemeralDHKeySize=2048
13-Nov-2017 08:45:12.148 INFO [main] org.apache.catalina.startup.VersionLoggerListener.log Command line argument: -Djava.protocol.handler.pkgs=org.apache.catalina.webresources
13-Nov-2017 08:45:12.148 INFO [main] org.apache.catalina.startup.VersionLoggerListener.log Command line argument: -Djava.util.logging.config.file=W:\Git\etc\Work\WEBIR\apache-tomcat-9.0.0.M13\conf\logging.properties
13-Nov-2017 08:45:12.148 INFO [main] org.apache.catalina.startup.VersionLoggerListener.log Command line argument: -Djava.util.logging.manager=org.apache.juli.ClassLoaderLogManager
13-Nov-2017 08:45:12.148 INFO [main] org.apache.catalina.startup.VersionLoggerListener.log Command line argument: -Dcatalina.base=W:\Git\etc\Work\WEBIR\apache-tomcat-9.0.0.M13
13-Nov-2017 08:45:12.148 INFO [main] org.apache.catalina.startup.VersionLoggerListener.log Command line argument: -Dcatalina.home=W:\Git\etc\Work\WEBIR\apache-tomcat-9.0.0.M13
13-Nov-2017 08:45:12.148 INFO [main] org.apache.catalina.startup.VersionLoggerListener.log Command line argument: -Djava.io.tmpdir=W:\Git\etc\Work\WEBIR\apache-tomcat-9.0.0.M13\temp
13-Nov-2017 08:45:12.148 INFO [main] org.apache.catalina.core.AprLifecycleListener.lifecycleEvent Loaded APR based Apache Tomcat Native library 1.2.10 using APR version 1.5.2.
13-Nov-2017 08:45:12.148 INFO [main] org.apache.catalina.core.AprLifecycleListener.lifecycleEvent APR capabilities: IPv6 [true], sendfile [true], accept filters [false], random [true].
13-Nov-2017 08:45:12.148 INFO [main] org.apache.catalina.core.AprLifecycleListener.lifecycleEvent APR/OpenSSL configuration: useAprConnector [false], useOpenSSL [true]
13-Nov-2017 08:45:12.755 INFO [main] org.apache.catalina.core.AprLifecycleListener.initializeSSL OpenSSL successfully initialized (OpenSSL 1.0.2j  26 Sep 2016)
13-Nov-2017 08:45:12.864 INFO [main] org.apache.coyote.AbstractProtocol.init Initializing ProtocolHandler ["http-nio-8080"]
13-Nov-2017 08:45:13.005 INFO [main] org.apache.tomcat.util.net.NioSelectorPool.getSharedSelector Using a shared selector for servlet write/read
13-Nov-2017 08:45:13.005 INFO [main] org.apache.coyote.AbstractProtocol.init Initializing ProtocolHandler ["ajp-nio-8009"]
13-Nov-2017 08:45:13.005 INFO [main] org.apache.tomcat.util.net.NioSelectorPool.getSharedSelector Using a shared selector for servlet write/read
13-Nov-2017 08:45:13.005 INFO [main] org.apache.catalina.startup.Catalina.load Initialization processed in 1217 ms
13-Nov-2017 08:45:13.036 INFO [main] org.apache.catalina.core.StandardService.startInternal Starting service Catalina
13-Nov-2017 08:45:13.036 INFO [main] org.apache.catalina.core.StandardEngine.startInternal Starting Servlet Engine: Apache Tomcat/9.0.0.M13
13-Nov-2017 08:45:13.052 INFO [localhost-startStop-1] org.apache.catalina.startup.HostConfig.deployDirectory Deploying web application directory W:\Git\etc\Work\WEBIR\apache-tomcat-9.0.0.M13\webapps\docs
13-Nov-2017 08:45:13.302 INFO [localhost-startStop-1] org.apache.catalina.startup.HostConfig.deployDirectory Deployment of web application directory W:\Git\etc\Work\WEBIR\apache-tomcat-9.0.0.M13\webapps\docs has finished in 250 ms
13-Nov-2017 08:45:13.302 INFO [localhost-startStop-1] org.apache.catalina.startup.HostConfig.deployDirectory Deploying web application directory W:\Git\etc\Work\WEBIR\apache-tomcat-9.0.0.M13\webapps\examples
13-Nov-2017 08:45:13.579 INFO [localhost-startStop-1] org.apache.catalina.startup.HostConfig.deployDirectory Deployment of web application directory W:\Git\etc\Work\WEBIR\apache-tomcat-9.0.0.M13\webapps\examples has finished in 277 ms
13-Nov-2017 08:45:13.579 INFO [localhost-startStop-1] org.apache.catalina.startup.HostConfig.deployDirectory Deploying web application directory W:\Git\etc\Work\WEBIR\apache-tomcat-9.0.0.M13\webapps\host-manager
13-Nov-2017 08:45:13.610 INFO [localhost-startStop-1] org.apache.catalina.startup.HostConfig.deployDirectory Deployment of web application directory W:\Git\etc\Work\WEBIR\apache-tomcat-9.0.0.M13\webapps\host-manager has finished in 31 ms
13-Nov-2017 08:45:13.626 INFO [localhost-startStop-1] org.apache.catalina.startup.HostConfig.deployDirectory Deploying web application directory W:\Git\etc\Work\WEBIR\apache-tomcat-9.0.0.M13\webapps\luceneweb
13-Nov-2017 08:45:14.392 INFO [localhost-startStop-1] org.apache.jasper.servlet.TldScanner.scanJars At least one JAR was scanned for TLDs yet contained no TLDs. Enable debug logging for this logger for a complete list of JARs that were scanned but no TLDs were found in them. Skipping unneeded JARs during scanning can improve startup time and JSP compilation time.
13-Nov-2017 08:45:14.423 INFO [localhost-startStop-1] org.apache.catalina.startup.HostConfig.deployDirectory Deployment of web application directory W:\Git\etc\Work\WEBIR\apache-tomcat-9.0.0.M13\webapps\luceneweb has finished in 797 ms
13-Nov-2017 08:45:14.423 INFO [localhost-startStop-1] org.apache.catalina.startup.HostConfig.deployDirectory Deploying web application directory W:\Git\etc\Work\WEBIR\apache-tomcat-9.0.0.M13\webapps\manager
13-Nov-2017 08:45:14.454 INFO [localhost-startStop-1] org.apache.catalina.startup.HostConfig.deployDirectory Deployment of web application directory W:\Git\etc\Work\WEBIR\apache-tomcat-9.0.0.M13\webapps\manager has finished in 31 ms
13-Nov-2017 08:45:14.454 INFO [localhost-startStop-1] org.apache.catalina.startup.HostConfig.deployDirectory Deploying web application directory W:\Git\etc\Work\WEBIR\apache-tomcat-9.0.0.M13\webapps\ROOT
13-Nov-2017 08:45:14.485 INFO [localhost-startStop-1] org.apache.catalina.startup.HostConfig.deployDirectory Deployment of web application directory W:\Git\etc\Work\WEBIR\apache-tomcat-9.0.0.M13\webapps\ROOT has finished in 31 ms
13-Nov-2017 08:45:14.485 INFO [main] org.apache.coyote.AbstractProtocol.start Starting ProtocolHandler [http-nio-8080]
13-Nov-2017 08:45:14.501 INFO [main] org.apache.coyote.AbstractProtocol.start Starting ProtocolHandler [ajp-nio-8009]
13-Nov-2017 08:45:14.501 INFO [main] org.apache.catalina.startup.Catalina.start Server startup in 1494 ms
13-Nov-2017 08:47:21.456 INFO [main] org.apache.catalina.startup.VersionLoggerListener.log Server version:        Apache Tomcat/9.0.0.M13
13-Nov-2017 08:47:21.456 INFO [main] org.apache.catalina.startup.VersionLoggerListener.log Server built:          Nov 3 2016 20:59:41 UTC
13-Nov-2017 08:47:21.456 INFO [main] org.apache.catalina.startup.VersionLoggerListener.log Server number:         9.0.0.0
13-Nov-2017 08:47:21.456 INFO [main] org.apache.catalina.startup.VersionLoggerListener.log OS Name:               Windows 10
13-Nov-2017 08:47:21.456 INFO [main] org.apache.catalina.startup.VersionLoggerListener.log OS Version:            10.0
13-Nov-2017 08:47:21.456 INFO [main] org.apache.catalina.startup.VersionLoggerListener.log Architecture:          amd64
13-Nov-2017 08:47:21.456 INFO [main] org.apache.catalina.startup.VersionLoggerListener.log Java Home:             C:\Program Files\Java\jdk1.8.0_144\jre
13-Nov-2017 08:47:21.456 INFO [main] org.apache.catalina.startup.VersionLoggerListener.log JVM Version:           1.8.0_144-b01
13-Nov-2017 08:47:21.471 INFO [main] org.apache.catalina.startup.VersionLoggerListener.log JVM Vendor:            Oracle Corporation
13-Nov-2017 08:47:21.486 INFO [main] org.apache.catalina.startup.VersionLoggerListener.log CATALINA_BASE:         W:\Git\etc\Work\WEBIR\apache-tomcat-9.0.0.M13
13-Nov-2017 08:47:21.487 INFO [main] org.apache.catalina.startup.VersionLoggerListener.log CATALINA_HOME:         W:\Git\etc\Work\WEBIR\apache-tomcat-9.0.0.M13
13-Nov-2017 08:47:21.488 INFO [main] org.apache.catalina.startup.VersionLoggerListener.log Command line argument: -Djdk.tls.ephemeralDHKeySize=2048
13-Nov-2017 08:47:21.488 INFO [main] org.apache.catalina.startup.VersionLoggerListener.log Command line argument: -Djava.protocol.handler.pkgs=org.apache.catalina.webresources
13-Nov-2017 08:47:21.488 INFO [main] org.apache.catalina.startup.VersionLoggerListener.log Command line argument: -Djava.util.logging.config.file=W:\Git\etc\Work\WEBIR\apache-tomcat-9.0.0.M13\conf\logging.properties
13-Nov-2017 08:47:21.489 INFO [main] org.apache.catalina.startup.VersionLoggerListener.log Command line argument: -Djava.util.logging.manager=org.apache.juli.ClassLoaderLogManager
13-Nov-2017 08:47:21.490 INFO [main] org.apache.catalina.startup.VersionLoggerListener.log Command line argument: -Dcatalina.base=W:\Git\etc\Work\WEBIR\apache-tomcat-9.0.0.M13
13-Nov-2017 08:47:21.491 INFO [main] org.apache.catalina.startup.VersionLoggerListener.log Command line argument: -Dcatalina.home=W:\Git\etc\Work\WEBIR\apache-tomcat-9.0.0.M13
13-Nov-2017 08:47:21.492 INFO [main] org.apache.catalina.startup.VersionLoggerListener.log Command line argument: -Djava.io.tmpdir=W:\Git\etc\Work\WEBIR\apache-tomcat-9.0.0.M13\temp
13-Nov-2017 08:47:21.496 INFO [main] org.apache.catalina.core.AprLifecycleListener.lifecycleEvent Loaded APR based Apache Tomcat Native library 1.2.10 using APR version 1.5.2.
13-Nov-2017 08:47:21.496 INFO [main] org.apache.catalina.core.AprLifecycleListener.lifecycleEvent APR capabilities: IPv6 [true], sendfile [true], accept filters [false], random [true].
13-Nov-2017 08:47:21.501 INFO [main] org.apache.catalina.core.AprLifecycleListener.lifecycleEvent APR/OpenSSL configuration: useAprConnector [false], useOpenSSL [true]
13-Nov-2017 08:47:22.160 INFO [main] org.apache.catalina.core.AprLifecycleListener.initializeSSL OpenSSL successfully initialized (OpenSSL 1.0.2j  26 Sep 2016)
13-Nov-2017 08:47:22.296 INFO [main] org.apache.coyote.AbstractProtocol.init Initializing ProtocolHandler ["http-nio-8080"]
13-Nov-2017 08:47:22.437 INFO [main] org.apache.tomcat.util.net.NioSelectorPool.getSharedSelector Using a shared selector for servlet write/read
13-Nov-2017 08:47:22.437 INFO [main] org.apache.coyote.AbstractProtocol.init Initializing ProtocolHandler ["ajp-nio-8009"]
13-Nov-2017 08:47:22.437 INFO [main] org.apache.tomcat.util.net.NioSelectorPool.getSharedSelector Using a shared selector for servlet write/read
13-Nov-2017 08:47:22.437 INFO [main] org.apache.catalina.startup.Catalina.load Initialization processed in 1398 ms
13-Nov-2017 08:47:22.468 INFO [main] org.apache.catalina.core.StandardService.startInternal Starting service Catalina
13-Nov-2017 08:47:22.468 INFO [main] org.apache.catalina.core.StandardEngine.startInternal Starting Servlet Engine: Apache Tomcat/9.0.0.M13
13-Nov-2017 08:47:22.484 INFO [localhost-startStop-1] org.apache.catalina.startup.HostConfig.deployDirectory Deploying web application directory W:\Git\etc\Work\WEBIR\apache-tomcat-9.0.0.M13\webapps\docs
13-Nov-2017 08:47:22.763 INFO [localhost-startStop-1] org.apache.catalina.startup.HostConfig.deployDirectory Deployment of web application directory W:\Git\etc\Work\WEBIR\apache-tomcat-9.0.0.M13\webapps\docs has finished in 279 ms
13-Nov-2017 08:47:22.763 INFO [localhost-startStop-1] org.apache.catalina.startup.HostConfig.deployDirectory Deploying web application directory W:\Git\etc\Work\WEBIR\apache-tomcat-9.0.0.M13\webapps\examples
13-Nov-2017 08:47:23.080 INFO [localhost-startStop-1] org.apache.catalina.startup.HostConfig.deployDirectory Deployment of web application directory W:\Git\etc\Work\WEBIR\apache-tomcat-9.0.0.M13\webapps\examples has finished in 317 ms
13-Nov-2017 08:47:23.080 INFO [localhost-startStop-1] org.apache.catalina.startup.HostConfig.deployDirectory Deploying web application directory W:\Git\etc\Work\WEBIR\apache-tomcat-9.0.0.M13\webapps\host-manager
13-Nov-2017 08:47:23.111 INFO [localhost-startStop-1] org.apache.catalina.startup.HostConfig.deployDirectory Deployment of web application directory W:\Git\etc\Work\WEBIR\apache-tomcat-9.0.0.M13\webapps\host-manager has finished in 31 ms
13-Nov-2017 08:47:23.111 INFO [localhost-startStop-1] org.apache.catalina.startup.HostConfig.deployDirectory Deploying web application directory W:\Git\etc\Work\WEBIR\apache-tomcat-9.0.0.M13\webapps\luceneweb
13-Nov-2017 08:47:23.825 INFO [localhost-startStop-1] org.apache.jasper.servlet.TldScanner.scanJars At least one JAR was scanned for TLDs yet contained no TLDs. Enable debug logging for this logger for a complete list of JARs that were scanned but no TLDs were found in them. Skipping unneeded JARs during scanning can improve startup time and JSP compilation time.
13-Nov-2017 08:47:23.841 INFO [localhost-startStop-1] org.apache.catalina.startup.HostConfig.deployDirectory Deployment of web application directory W:\Git\etc\Work\WEBIR\apache-tomcat-9.0.0.M13\webapps\luceneweb has finished in 730 ms
13-Nov-2017 08:47:23.841 INFO [localhost-startStop-1] org.apache.catalina.startup.HostConfig.deployDirectory Deploying web application directory W:\Git\etc\Work\WEBIR\apache-tomcat-9.0.0.M13\webapps\manager
13-Nov-2017 08:47:23.872 INFO [localhost-startStop-1] org.apache.catalina.startup.HostConfig.deployDirectory Deployment of web application directory W:\Git\etc\Work\WEBIR\apache-tomcat-9.0.0.M13\webapps\manager has finished in 31 ms
13-Nov-2017 08:47:23.872 INFO [localhost-startStop-1] org.apache.catalina.startup.HostConfig.deployDirectory Deploying web application directory W:\Git\etc\Work\WEBIR\apache-tomcat-9.0.0.M13\webapps\ROOT
13-Nov-2017 08:47:23.887 INFO [localhost-startStop-1] org.apache.catalina.startup.HostConfig.deployDirectory Deployment of web application directory W:\Git\etc\Work\WEBIR\apache-tomcat-9.0.0.M13\webapps\ROOT has finished in 15 ms
13-Nov-2017 08:47:23.903 INFO [main] org.apache.coyote.AbstractProtocol.start Starting ProtocolHandler [http-nio-8080]
13-Nov-2017 08:47:23.903 INFO [main] org.apache.coyote.AbstractProtocol.start Starting ProtocolHandler [ajp-nio-8009]
13-Nov-2017 08:47:23.919 INFO [main] org.apache.catalina.startup.Catalina.start Server startup in 1468 ms
13-Nov-2017 08:56:12.666 INFO [Thread-5] org.apache.coyote.AbstractProtocol.pause Pausing ProtocolHandler ["http-nio-8080"]
13-Nov-2017 08:56:12.728 INFO [Thread-5] org.apache.coyote.AbstractProtocol.pause Pausing ProtocolHandler ["ajp-nio-8009"]
13-Nov-2017 08:56:12.728 INFO [Thread-5] org.apache.catalina.core.StandardService.stopInternal Stopping service Catalina
13-Nov-2017 08:56:12.759 INFO [Thread-5] org.apache.coyote.AbstractProtocol.stop Stopping ProtocolHandler ["http-nio-8080"]
13-Nov-2017 08:56:12.775 INFO [Thread-5] org.apache.coyote.AbstractProtocol.stop Stopping ProtocolHandler ["ajp-nio-8009"]
13-Nov-2017 08:56:12.775 INFO [Thread-5] org.apache.coyote.AbstractProtocol.destroy Destroying ProtocolHandler ["http-nio-8080"]
13-Nov-2017 08:56:12.775 INFO [Thread-5] org.apache.coyote.AbstractProtocol.destroy Destroying ProtocolHandler ["ajp-nio-8009"]
13-Nov-2017 08:56:31.849 SEVERE [main] org.apache.catalina.startup.Catalina.stopServer Could not contact localhost:8005. Tomcat may not be running.
13-Nov-2017 08:56:31.849 SEVERE [main] org.apache.catalina.startup.Catalina.stopServer Catalina.stop: 
 java.net.ConnectException: Connection refused: connect
	at java.net.DualStackPlainSocketImpl.connect0(Native Method)
	at java.net.DualStackPlainSocketImpl.socketConnect(DualStackPlainSocketImpl.java:79)
	at java.net.AbstractPlainSocketImpl.doConnect(AbstractPlainSocketImpl.java:350)
	at java.net.AbstractPlainSocketImpl.connectToAddress(AbstractPlainSocketImpl.java:206)
	at java.net.AbstractPlainSocketImpl.connect(AbstractPlainSocketImpl.java:188)
	at java.net.PlainSocketImpl.connect(PlainSocketImpl.java:172)
	at java.net.SocksSocketImpl.connect(SocksSocketImpl.java:392)
	at java.net.Socket.connect(Socket.java:589)
	at java.net.Socket.connect(Socket.java:538)
	at java.net.Socket.<init>(Socket.java:434)
	at java.net.Socket.<init>(Socket.java:211)
	at org.apache.catalina.startup.Catalina.stopServer(Catalina.java:476)
	at sun.reflect.NativeMethodAccessorImpl.invoke0(Native Method)
	at sun.reflect.NativeMethodAccessorImpl.invoke(NativeMethodAccessorImpl.java:62)
	at sun.reflect.DelegatingMethodAccessorImpl.invoke(DelegatingMethodAccessorImpl.java:43)
	at java.lang.reflect.Method.invoke(Method.java:498)
	at org.apache.catalina.startup.Bootstrap.stopServer(Bootstrap.java:408)
	at org.apache.catalina.startup.Bootstrap.main(Bootstrap.java:497)

13-Nov-2017 08:56:35.428 INFO [main] org.apache.catalina.startup.VersionLoggerListener.log Server version:        Apache Tomcat/9.0.0.M13
13-Nov-2017 08:56:35.428 INFO [main] org.apache.catalina.startup.VersionLoggerListener.log Server built:          Nov 3 2016 20:59:41 UTC
13-Nov-2017 08:56:35.428 INFO [main] org.apache.catalina.startup.VersionLoggerListener.log Server number:         9.0.0.0
13-Nov-2017 08:56:35.428 INFO [main] org.apache.catalina.startup.VersionLoggerListener.log OS Name:               Windows 10
13-Nov-2017 08:56:35.428 INFO [main] org.apache.catalina.startup.VersionLoggerListener.log OS Version:            10.0
13-Nov-2017 08:56:35.428 INFO [main] org.apache.catalina.startup.VersionLoggerListener.log Architecture:          amd64
13-Nov-2017 08:56:35.428 INFO [main] org.apache.catalina.startup.VersionLoggerListener.log Java Home:             C:\Program Files\Java\jdk1.8.0_144\jre
13-Nov-2017 08:56:35.428 INFO [main] org.apache.catalina.startup.VersionLoggerListener.log JVM Version:           1.8.0_144-b01
13-Nov-2017 08:56:35.428 INFO [main] org.apache.catalina.startup.VersionLoggerListener.log JVM Vendor:            Oracle Corporation
13-Nov-2017 08:56:35.428 INFO [main] org.apache.catalina.startup.VersionLoggerListener.log CATALINA_BASE:         W:\Git\etc\Work\WEBIR\apache-tomcat-9.0.0.M13
13-Nov-2017 08:56:35.428 INFO [main] org.apache.catalina.startup.VersionLoggerListener.log CATALINA_HOME:         W:\Git\etc\Work\WEBIR\apache-tomcat-9.0.0.M13
13-Nov-2017 08:56:35.428 INFO [main] org.apache.catalina.startup.VersionLoggerListener.log Command line argument: -Djdk.tls.ephemeralDHKeySize=2048
13-Nov-2017 08:56:35.428 INFO [main] org.apache.catalina.startup.VersionLoggerListener.log Command line argument: -Djava.protocol.handler.pkgs=org.apache.catalina.webresources
13-Nov-2017 08:56:35.428 INFO [main] org.apache.catalina.startup.VersionLoggerListener.log Command line argument: -Djava.util.logging.config.file=W:\Git\etc\Work\WEBIR\apache-tomcat-9.0.0.M13\conf\logging.properties
13-Nov-2017 08:56:35.428 INFO [main] org.apache.catalina.startup.VersionLoggerListener.log Command line argument: -Djava.util.logging.manager=org.apache.juli.ClassLoaderLogManager
13-Nov-2017 08:56:35.428 INFO [main] org.apache.catalina.startup.VersionLoggerListener.log Command line argument: -Dcatalina.base=W:\Git\etc\Work\WEBIR\apache-tomcat-9.0.0.M13
13-Nov-2017 08:56:35.428 INFO [main] org.apache.catalina.startup.VersionLoggerListener.log Command line argument: -Dcatalina.home=W:\Git\etc\Work\WEBIR\apache-tomcat-9.0.0.M13
13-Nov-2017 08:56:35.428 INFO [main] org.apache.catalina.startup.VersionLoggerListener.log Command line argument: -Djava.io.tmpdir=W:\Git\etc\Work\WEBIR\apache-tomcat-9.0.0.M13\temp
13-Nov-2017 08:56:35.428 INFO [main] org.apache.catalina.core.AprLifecycleListener.lifecycleEvent Loaded APR based Apache Tomcat Native library 1.2.10 using APR version 1.5.2.
13-Nov-2017 08:56:35.428 INFO [main] org.apache.catalina.core.AprLifecycleListener.lifecycleEvent APR capabilities: IPv6 [true], sendfile [true], accept filters [false], random [true].
13-Nov-2017 08:56:35.428 INFO [main] org.apache.catalina.core.AprLifecycleListener.lifecycleEvent APR/OpenSSL configuration: useAprConnector [false], useOpenSSL [true]
13-Nov-2017 08:56:35.994 INFO [main] org.apache.catalina.core.AprLifecycleListener.initializeSSL OpenSSL successfully initialized (OpenSSL 1.0.2j  26 Sep 2016)
13-Nov-2017 08:56:36.119 INFO [main] org.apache.coyote.AbstractProtocol.init Initializing ProtocolHandler ["http-nio-8080"]
13-Nov-2017 08:56:36.260 INFO [main] org.apache.tomcat.util.net.NioSelectorPool.getSharedSelector Using a shared selector for servlet write/read
13-Nov-2017 08:56:36.260 INFO [main] org.apache.coyote.AbstractProtocol.init Initializing ProtocolHandler ["ajp-nio-8009"]
13-Nov-2017 08:56:36.260 INFO [main] org.apache.tomcat.util.net.NioSelectorPool.getSharedSelector Using a shared selector for servlet write/read
13-Nov-2017 08:56:36.260 INFO [main] org.apache.catalina.startup.Catalina.load Initialization processed in 1180 ms
13-Nov-2017 08:56:36.291 INFO [main] org.apache.catalina.core.StandardService.startInternal Starting service Catalina
13-Nov-2017 08:56:36.291 INFO [main] org.apache.catalina.core.StandardEngine.startInternal Starting Servlet Engine: Apache Tomcat/9.0.0.M13
13-Nov-2017 08:56:36.307 INFO [localhost-startStop-1] org.apache.catalina.startup.HostConfig.deployDirectory Deploying web application directory W:\Git\etc\Work\WEBIR\apache-tomcat-9.0.0.M13\webapps\docs
13-Nov-2017 08:56:36.572 INFO [localhost-startStop-1] org.apache.catalina.startup.HostConfig.deployDirectory Deployment of web application directory W:\Git\etc\Work\WEBIR\apache-tomcat-9.0.0.M13\webapps\docs has finished in 265 ms
13-Nov-2017 08:56:36.572 INFO [localhost-startStop-1] org.apache.catalina.startup.HostConfig.deployDirectory Deploying web application directory W:\Git\etc\Work\WEBIR\apache-tomcat-9.0.0.M13\webapps\examples
13-Nov-2017 08:56:36.854 INFO [localhost-startStop-1] org.apache.catalina.startup.HostConfig.deployDirectory Deployment of web application directory W:\Git\etc\Work\WEBIR\apache-tomcat-9.0.0.M13\webapps\examples has finished in 282 ms
13-Nov-2017 08:56:36.854 INFO [localhost-startStop-1] org.apache.catalina.startup.HostConfig.deployDirectory Deploying web application directory W:\Git\etc\Work\WEBIR\apache-tomcat-9.0.0.M13\webapps\host-manager
13-Nov-2017 08:56:36.900 INFO [localhost-startStop-1] org.apache.catalina.startup.HostConfig.deployDirectory Deployment of web application directory W:\Git\etc\Work\WEBIR\apache-tomcat-9.0.0.M13\webapps\host-manager has finished in 46 ms
13-Nov-2017 08:56:36.900 INFO [localhost-startStop-1] org.apache.catalina.startup.HostConfig.deployDirectory Deploying web application directory W:\Git\etc\Work\WEBIR\apache-tomcat-9.0.0.M13\webapps\luceneweb
13-Nov-2017 08:56:37.588 INFO [localhost-startStop-1] org.apache.jasper.servlet.TldScanner.scanJars At least one JAR was scanned for TLDs yet contained no TLDs. Enable debug logging for this logger for a complete list of JARs that were scanned but no TLDs were found in them. Skipping unneeded JARs during scanning can improve startup time and JSP compilation time.
13-Nov-2017 08:56:37.619 INFO [localhost-startStop-1] org.apache.catalina.startup.HostConfig.deployDirectory Deployment of web application directory W:\Git\etc\Work\WEBIR\apache-tomcat-9.0.0.M13\webapps\luceneweb has finished in 719 ms
13-Nov-2017 08:56:37.619 INFO [localhost-startStop-1] org.apache.catalina.startup.HostConfig.deployDirectory Deploying web application directory W:\Git\etc\Work\WEBIR\apache-tomcat-9.0.0.M13\webapps\manager
13-Nov-2017 08:56:37.650 INFO [localhost-startStop-1] org.apache.catalina.startup.HostConfig.deployDirectory Deployment of web application directory W:\Git\etc\Work\WEBIR\apache-tomcat-9.0.0.M13\webapps\manager has finished in 31 ms
13-Nov-2017 08:56:37.650 INFO [localhost-startStop-1] org.apache.catalina.startup.HostConfig.deployDirectory Deploying web application directory W:\Git\etc\Work\WEBIR\apache-tomcat-9.0.0.M13\webapps\ROOT
13-Nov-2017 08:56:37.666 INFO [localhost-startStop-1] org.apache.catalina.startup.HostConfig.deployDirectory Deployment of web application directory W:\Git\etc\Work\WEBIR\apache-tomcat-9.0.0.M13\webapps\ROOT has finished in 16 ms
13-Nov-2017 08:56:37.682 INFO [main] org.apache.coyote.AbstractProtocol.start Starting ProtocolHandler [http-nio-8080]
13-Nov-2017 08:56:37.682 INFO [main] org.apache.coyote.AbstractProtocol.start Starting ProtocolHandler [ajp-nio-8009]
13-Nov-2017 08:56:37.682 INFO [main] org.apache.catalina.startup.Catalina.start Server startup in 1423 ms
13-Nov-2017 08:57:02.073 INFO [main] org.apache.catalina.core.StandardServer.await A valid shutdown command was received via the shutdown port. Stopping the Server instance.
13-Nov-2017 08:57:02.073 INFO [main] org.apache.coyote.AbstractProtocol.pause Pausing ProtocolHandler ["http-nio-8080"]
13-Nov-2017 08:57:02.136 INFO [main] org.apache.coyote.AbstractProtocol.pause Pausing ProtocolHandler ["ajp-nio-8009"]
13-Nov-2017 08:57:02.198 INFO [main] org.apache.catalina.core.StandardService.stopInternal Stopping service Catalina
13-Nov-2017 08:57:02.230 INFO [main] org.apache.coyote.AbstractProtocol.stop Stopping ProtocolHandler ["http-nio-8080"]
13-Nov-2017 08:57:02.245 INFO [main] org.apache.coyote.AbstractProtocol.stop Stopping ProtocolHandler ["ajp-nio-8009"]
13-Nov-2017 08:57:02.245 INFO [main] org.apache.coyote.AbstractProtocol.destroy Destroying ProtocolHandler ["http-nio-8080"]
13-Nov-2017 08:57:02.245 INFO [main] org.apache.coyote.AbstractProtocol.destroy Destroying ProtocolHandler ["ajp-nio-8009"]
13-Nov-2017 08:57:13.416 INFO [main] org.apache.catalina.startup.VersionLoggerListener.log Server version:        Apache Tomcat/9.0.0.M13
13-Nov-2017 08:57:13.416 INFO [main] org.apache.catalina.startup.VersionLoggerListener.log Server built:          Nov 3 2016 20:59:41 UTC
13-Nov-2017 08:57:13.416 INFO [main] org.apache.catalina.startup.VersionLoggerListener.log Server number:         9.0.0.0
13-Nov-2017 08:57:13.416 INFO [main] org.apache.catalina.startup.VersionLoggerListener.log OS Name:               Windows 10
13-Nov-2017 08:57:13.416 INFO [main] org.apache.catalina.startup.VersionLoggerListener.log OS Version:            10.0
13-Nov-2017 08:57:13.416 INFO [main] org.apache.catalina.startup.VersionLoggerListener.log Architecture:          amd64
13-Nov-2017 08:57:13.432 INFO [main] org.apache.catalina.startup.VersionLoggerListener.log Java Home:             C:\Program Files\Java\jdk1.8.0_144\jre
13-Nov-2017 08:57:13.432 INFO [main] org.apache.catalina.startup.VersionLoggerListener.log JVM Version:           1.8.0_144-b01
13-Nov-2017 08:57:13.432 INFO [main] org.apache.catalina.startup.VersionLoggerListener.log JVM Vendor:            Oracle Corporation
13-Nov-2017 08:57:13.432 INFO [main] org.apache.catalina.startup.VersionLoggerListener.log CATALINA_BASE:         W:\Git\etc\Work\WEBIR\apache-tomcat-9.0.0.M13
13-Nov-2017 08:57:13.432 INFO [main] org.apache.catalina.startup.VersionLoggerListener.log CATALINA_HOME:         W:\Git\etc\Work\WEBIR\apache-tomcat-9.0.0.M13
13-Nov-2017 08:57:13.432 INFO [main] org.apache.catalina.startup.VersionLoggerListener.log Command line argument: -Djdk.tls.ephemeralDHKeySize=2048
13-Nov-2017 08:57:13.432 INFO [main] org.apache.catalina.startup.VersionLoggerListener.log Command line argument: -Djava.protocol.handler.pkgs=org.apache.catalina.webresources
13-Nov-2017 08:57:13.432 INFO [main] org.apache.catalina.startup.VersionLoggerListener.log Command line argument: -Djava.util.logging.config.file=W:\Git\etc\Work\WEBIR\apache-tomcat-9.0.0.M13\conf\logging.properties
13-Nov-2017 08:57:13.432 INFO [main] org.apache.catalina.startup.VersionLoggerListener.log Command line argument: -Djava.util.logging.manager=org.apache.juli.ClassLoaderLogManager
13-Nov-2017 08:57:13.432 INFO [main] org.apache.catalina.startup.VersionLoggerListener.log Command line argument: -Dcatalina.base=W:\Git\etc\Work\WEBIR\apache-tomcat-9.0.0.M13
13-Nov-2017 08:57:13.432 INFO [main] org.apache.catalina.startup.VersionLoggerListener.log Command line argument: -Dcatalina.home=W:\Git\etc\Work\WEBIR\apache-tomcat-9.0.0.M13
13-Nov-2017 08:57:13.432 INFO [main] org.apache.catalina.startup.VersionLoggerListener.log Command line argument: -Djava.io.tmpdir=W:\Git\etc\Work\WEBIR\apache-tomcat-9.0.0.M13\temp
13-Nov-2017 08:57:13.432 INFO [main] org.apache.catalina.core.AprLifecycleListener.lifecycleEvent Loaded APR based Apache Tomcat Native library 1.2.10 using APR version 1.5.2.
13-Nov-2017 08:57:13.432 INFO [main] org.apache.catalina.core.AprLifecycleListener.lifecycleEvent APR capabilities: IPv6 [true], sendfile [true], accept filters [false], random [true].
13-Nov-2017 08:57:13.432 INFO [main] org.apache.catalina.core.AprLifecycleListener.lifecycleEvent APR/OpenSSL configuration: useAprConnector [false], useOpenSSL [true]
13-Nov-2017 08:57:13.963 INFO [main] org.apache.catalina.core.AprLifecycleListener.initializeSSL OpenSSL successfully initialized (OpenSSL 1.0.2j  26 Sep 2016)
13-Nov-2017 08:57:14.073 INFO [main] org.apache.coyote.AbstractProtocol.init Initializing ProtocolHandler ["http-nio-8080"]
13-Nov-2017 08:57:14.213 INFO [main] org.apache.tomcat.util.net.NioSelectorPool.getSharedSelector Using a shared selector for servlet write/read
13-Nov-2017 08:57:14.213 INFO [main] org.apache.coyote.AbstractProtocol.init Initializing ProtocolHandler ["ajp-nio-8009"]
13-Nov-2017 08:57:14.213 INFO [main] org.apache.tomcat.util.net.NioSelectorPool.getSharedSelector Using a shared selector for servlet write/read
13-Nov-2017 08:57:14.213 INFO [main] org.apache.catalina.startup.Catalina.load Initialization processed in 1145 ms
13-Nov-2017 08:57:14.260 INFO [main] org.apache.catalina.core.StandardService.startInternal Starting service Catalina
13-Nov-2017 08:57:14.260 INFO [main] org.apache.catalina.core.StandardEngine.startInternal Starting Servlet Engine: Apache Tomcat/9.0.0.M13
13-Nov-2017 08:57:14.276 INFO [localhost-startStop-1] org.apache.catalina.startup.HostConfig.deployDirectory Deploying web application directory W:\Git\etc\Work\WEBIR\apache-tomcat-9.0.0.M13\webapps\docs
13-Nov-2017 08:57:14.541 INFO [localhost-startStop-1] org.apache.catalina.startup.HostConfig.deployDirectory Deployment of web application directory W:\Git\etc\Work\WEBIR\apache-tomcat-9.0.0.M13\webapps\docs has finished in 265 ms
13-Nov-2017 08:57:14.541 INFO [localhost-startStop-1] org.apache.catalina.startup.HostConfig.deployDirectory Deploying web application directory W:\Git\etc\Work\WEBIR\apache-tomcat-9.0.0.M13\webapps\examples
13-Nov-2017 08:57:14.823 INFO [localhost-startStop-1] org.apache.catalina.startup.HostConfig.deployDirectory Deployment of web application directory W:\Git\etc\Work\WEBIR\apache-tomcat-9.0.0.M13\webapps\examples has finished in 282 ms
13-Nov-2017 08:57:14.823 INFO [localhost-startStop-1] org.apache.catalina.startup.HostConfig.deployDirectory Deploying web application directory W:\Git\etc\Work\WEBIR\apache-tomcat-9.0.0.M13\webapps\host-manager
13-Nov-2017 08:57:14.870 INFO [localhost-startStop-1] org.apache.catalina.startup.HostConfig.deployDirectory Deployment of web application directory W:\Git\etc\Work\WEBIR\apache-tomcat-9.0.0.M13\webapps\host-manager has finished in 47 ms
13-Nov-2017 08:57:14.870 INFO [localhost-startStop-1] org.apache.catalina.startup.HostConfig.deployDirectory Deploying web application directory W:\Git\etc\Work\WEBIR\apache-tomcat-9.0.0.M13\webapps\luceneweb
13-Nov-2017 08:57:15.557 INFO [localhost-startStop-1] org.apache.jasper.servlet.TldScanner.scanJars At least one JAR was scanned for TLDs yet contained no TLDs. Enable debug logging for this logger for a complete list of JARs that were scanned but no TLDs were found in them. Skipping unneeded JARs during scanning can improve startup time and JSP compilation time.
13-Nov-2017 08:57:15.588 INFO [localhost-startStop-1] org.apache.catalina.startup.HostConfig.deployDirectory Deployment of web application directory W:\Git\etc\Work\WEBIR\apache-tomcat-9.0.0.M13\webapps\luceneweb has finished in 718 ms
13-Nov-2017 08:57:15.588 INFO [localhost-startStop-1] org.apache.catalina.startup.HostConfig.deployDirectory Deploying web application directory W:\Git\etc\Work\WEBIR\apache-tomcat-9.0.0.M13\webapps\manager
13-Nov-2017 08:57:15.620 INFO [localhost-startStop-1] org.apache.catalina.startup.HostConfig.deployDirectory Deployment of web application directory W:\Git\etc\Work\WEBIR\apache-tomcat-9.0.0.M13\webapps\manager has finished in 32 ms
13-Nov-2017 08:57:15.620 INFO [localhost-startStop-1] org.apache.catalina.startup.HostConfig.deployDirectory Deploying web application directory W:\Git\etc\Work\WEBIR\apache-tomcat-9.0.0.M13\webapps\ROOT
13-Nov-2017 08:57:15.635 INFO [localhost-startStop-1] org.apache.catalina.startup.HostConfig.deployDirectory Deployment of web application directory W:\Git\etc\Work\WEBIR\apache-tomcat-9.0.0.M13\webapps\ROOT has finished in 15 ms
13-Nov-2017 08:57:15.651 INFO [main] org.apache.coyote.AbstractProtocol.start Starting ProtocolHandler [http-nio-8080]
13-Nov-2017 08:57:15.651 INFO [main] org.apache.coyote.AbstractProtocol.start Starting ProtocolHandler [ajp-nio-8009]
13-Nov-2017 08:57:15.667 INFO [main] org.apache.catalina.startup.Catalina.start Server startup in 1442 ms
13-Nov-2017 11:30:30.285 INFO [main] org.apache.catalina.startup.VersionLoggerListener.log Server version:        Apache Tomcat/9.0.0.M13
13-Nov-2017 11:30:30.290 INFO [main] org.apache.catalina.startup.VersionLoggerListener.log Server built:          Nov 3 2016 20:59:41 UTC
13-Nov-2017 11:30:30.291 INFO [main] org.apache.catalina.startup.VersionLoggerListener.log Server number:         9.0.0.0
13-Nov-2017 11:30:30.291 INFO [main] org.apache.catalina.startup.VersionLoggerListener.log OS Name:               Windows 10
13-Nov-2017 11:30:30.291 INFO [main] org.apache.catalina.startup.VersionLoggerListener.log OS Version:            10.0
13-Nov-2017 11:30:30.291 INFO [main] org.apache.catalina.startup.VersionLoggerListener.log Architecture:          amd64
13-Nov-2017 11:30:30.292 INFO [main] org.apache.catalina.startup.VersionLoggerListener.log Java Home:             C:\Program Files\Java\jdk1.8.0_144\jre
13-Nov-2017 11:30:30.293 INFO [main] org.apache.catalina.startup.VersionLoggerListener.log JVM Version:           1.8.0_144-b01
13-Nov-2017 11:30:30.294 INFO [main] org.apache.catalina.startup.VersionLoggerListener.log JVM Vendor:            Oracle Corporation
13-Nov-2017 11:30:30.295 INFO [main] org.apache.catalina.startup.VersionLoggerListener.log CATALINA_BASE:         W:\Git\etc\Work\WEBIR\apache-tomcat-9.0.0.M13
13-Nov-2017 11:30:30.296 INFO [main] org.apache.catalina.startup.VersionLoggerListener.log CATALINA_HOME:         W:\Git\etc\Work\WEBIR\apache-tomcat-9.0.0.M13
13-Nov-2017 11:30:30.296 INFO [main] org.apache.catalina.startup.VersionLoggerListener.log Command line argument: -Djdk.tls.ephemeralDHKeySize=2048
13-Nov-2017 11:30:30.296 INFO [main] org.apache.catalina.startup.VersionLoggerListener.log Command line argument: -Djava.protocol.handler.pkgs=org.apache.catalina.webresources
13-Nov-2017 11:30:30.296 INFO [main] org.apache.catalina.startup.VersionLoggerListener.log Command line argument: -Djava.util.logging.config.file=W:\Git\etc\Work\WEBIR\apache-tomcat-9.0.0.M13\conf\logging.properties
13-Nov-2017 11:30:30.296 INFO [main] org.apache.catalina.startup.VersionLoggerListener.log Command line argument: -Djava.util.logging.manager=org.apache.juli.ClassLoaderLogManager
13-Nov-2017 11:30:30.296 INFO [main] org.apache.catalina.startup.VersionLoggerListener.log Command line argument: -Dcatalina.base=W:\Git\etc\Work\WEBIR\apache-tomcat-9.0.0.M13
13-Nov-2017 11:30:30.297 INFO [main] org.apache.catalina.startup.VersionLoggerListener.log Command line argument: -Dcatalina.home=W:\Git\etc\Work\WEBIR\apache-tomcat-9.0.0.M13
13-Nov-2017 11:30:30.297 INFO [main] org.apache.catalina.startup.VersionLoggerListener.log Command line argument: -Djava.io.tmpdir=W:\Git\etc\Work\WEBIR\apache-tomcat-9.0.0.M13\temp
13-Nov-2017 11:30:30.297 INFO [main] org.apache.catalina.core.AprLifecycleListener.lifecycleEvent Loaded APR based Apache Tomcat Native library 1.2.10 using APR version 1.5.2.
13-Nov-2017 11:30:30.298 INFO [main] org.apache.catalina.core.AprLifecycleListener.lifecycleEvent APR capabilities: IPv6 [true], sendfile [true], accept filters [false], random [true].
13-Nov-2017 11:30:30.298 INFO [main] org.apache.catalina.core.AprLifecycleListener.lifecycleEvent APR/OpenSSL configuration: useAprConnector [false], useOpenSSL [true]
13-Nov-2017 11:30:30.931 INFO [main] org.apache.catalina.core.AprLifecycleListener.initializeSSL OpenSSL successfully initialized (OpenSSL 1.0.2j  26 Sep 2016)
13-Nov-2017 11:30:31.040 INFO [main] org.apache.coyote.AbstractProtocol.init Initializing ProtocolHandler ["http-nio-8080"]
13-Nov-2017 11:30:31.040 SEVERE [main] org.apache.catalina.util.LifecycleBase.handleSubClassException Failed to initialize component [Connector[HTTP/1.1-8080]]
 org.apache.catalina.LifecycleException: Protocol handler initialization failed
	at org.apache.catalina.connector.Connector.initInternal(Connector.java:944)
	at org.apache.catalina.util.LifecycleBase.init(LifecycleBase.java:136)
	at org.apache.catalina.core.StandardService.initInternal(StandardService.java:530)
	at org.apache.catalina.util.LifecycleBase.init(LifecycleBase.java:136)
	at org.apache.catalina.core.StandardServer.initInternal(StandardServer.java:875)
	at org.apache.catalina.util.LifecycleBase.init(LifecycleBase.java:136)
	at org.apache.catalina.startup.Catalina.load(Catalina.java:606)
	at org.apache.catalina.startup.Catalina.load(Catalina.java:629)
	at sun.reflect.NativeMethodAccessorImpl.invoke0(Native Method)
	at sun.reflect.NativeMethodAccessorImpl.invoke(NativeMethodAccessorImpl.java:62)
	at sun.reflect.DelegatingMethodAccessorImpl.invoke(DelegatingMethodAccessorImpl.java:43)
	at java.lang.reflect.Method.invoke(Method.java:498)
	at org.apache.catalina.startup.Bootstrap.load(Bootstrap.java:311)
	at org.apache.catalina.startup.Bootstrap.main(Bootstrap.java:494)
Caused by: java.net.BindException: Address already in use: bind
	at sun.nio.ch.Net.bind0(Native Method)
	at sun.nio.ch.Net.bind(Net.java:433)
	at sun.nio.ch.Net.bind(Net.java:425)
	at sun.nio.ch.ServerSocketChannelImpl.bind(ServerSocketChannelImpl.java:223)
	at sun.nio.ch.ServerSocketAdaptor.bind(ServerSocketAdaptor.java:74)
	at org.apache.tomcat.util.net.NioEndpoint.bind(NioEndpoint.java:229)
	at org.apache.tomcat.util.net.AbstractEndpoint.init(AbstractEndpoint.java:875)
	at org.apache.coyote.AbstractProtocol.init(AbstractProtocol.java:542)
	at org.apache.coyote.http11.AbstractHttp11Protocol.init(AbstractHttp11Protocol.java:65)
	at org.apache.catalina.connector.Connector.initInternal(Connector.java:941)
	... 13 more

13-Nov-2017 11:30:31.056 INFO [main] org.apache.coyote.AbstractProtocol.init Initializing ProtocolHandler ["ajp-nio-8009"]
13-Nov-2017 11:30:31.056 SEVERE [main] org.apache.catalina.util.LifecycleBase.handleSubClassException Failed to initialize component [Connector[AJP/1.3-8009]]
 org.apache.catalina.LifecycleException: Protocol handler initialization failed
	at org.apache.catalina.connector.Connector.initInternal(Connector.java:944)
	at org.apache.catalina.util.LifecycleBase.init(LifecycleBase.java:136)
	at org.apache.catalina.core.StandardService.initInternal(StandardService.java:530)
	at org.apache.catalina.util.LifecycleBase.init(LifecycleBase.java:136)
	at org.apache.catalina.core.StandardServer.initInternal(StandardServer.java:875)
	at org.apache.catalina.util.LifecycleBase.init(LifecycleBase.java:136)
	at org.apache.catalina.startup.Catalina.load(Catalina.java:606)
	at org.apache.catalina.startup.Catalina.load(Catalina.java:629)
	at sun.reflect.NativeMethodAccessorImpl.invoke0(Native Method)
	at sun.reflect.NativeMethodAccessorImpl.invoke(NativeMethodAccessorImpl.java:62)
	at sun.reflect.DelegatingMethodAccessorImpl.invoke(DelegatingMethodAccessorImpl.java:43)
	at java.lang.reflect.Method.invoke(Method.java:498)
	at org.apache.catalina.startup.Bootstrap.load(Bootstrap.java:311)
	at org.apache.catalina.startup.Bootstrap.main(Bootstrap.java:494)
Caused by: java.net.BindException: Address already in use: bind
	at sun.nio.ch.Net.bind0(Native Method)
	at sun.nio.ch.Net.bind(Net.java:433)
	at sun.nio.ch.Net.bind(Net.java:425)
	at sun.nio.ch.ServerSocketChannelImpl.bind(ServerSocketChannelImpl.java:223)
	at sun.nio.ch.ServerSocketAdaptor.bind(ServerSocketAdaptor.java:74)
	at org.apache.tomcat.util.net.NioEndpoint.bind(NioEndpoint.java:229)
	at org.apache.tomcat.util.net.AbstractEndpoint.init(AbstractEndpoint.java:875)
	at org.apache.coyote.AbstractProtocol.init(AbstractProtocol.java:542)
	at org.apache.catalina.connector.Connector.initInternal(Connector.java:941)
	... 13 more

13-Nov-2017 11:30:31.056 INFO [main] org.apache.catalina.startup.Catalina.load Initialization processed in 1252 ms
13-Nov-2017 11:30:31.103 INFO [main] org.apache.catalina.core.StandardService.startInternal Starting service Catalina
13-Nov-2017 11:30:31.103 INFO [main] org.apache.catalina.core.StandardEngine.startInternal Starting Servlet Engine: Apache Tomcat/9.0.0.M13
13-Nov-2017 11:30:31.118 INFO [localhost-startStop-1] org.apache.catalina.startup.HostConfig.deployDirectory Deploying web application directory W:\Git\etc\Work\WEBIR\apache-tomcat-9.0.0.M13\webapps\docs
13-Nov-2017 11:30:31.509 INFO [localhost-startStop-1] org.apache.catalina.startup.HostConfig.deployDirectory Deployment of web application directory W:\Git\etc\Work\WEBIR\apache-tomcat-9.0.0.M13\webapps\docs has finished in 391 ms
13-Nov-2017 11:30:31.509 INFO [localhost-startStop-1] org.apache.catalina.startup.HostConfig.deployDirectory Deploying web application directory W:\Git\etc\Work\WEBIR\apache-tomcat-9.0.0.M13\webapps\examples
13-Nov-2017 11:30:32.415 INFO [localhost-startStop-1] org.apache.catalina.startup.HostConfig.deployDirectory Deployment of web application directory W:\Git\etc\Work\WEBIR\apache-tomcat-9.0.0.M13\webapps\examples has finished in 906 ms
13-Nov-2017 11:30:32.415 INFO [localhost-startStop-1] org.apache.catalina.startup.HostConfig.deployDirectory Deploying web application directory W:\Git\etc\Work\WEBIR\apache-tomcat-9.0.0.M13\webapps\host-manager
13-Nov-2017 11:30:32.462 INFO [localhost-startStop-1] org.apache.catalina.startup.HostConfig.deployDirectory Deployment of web application directory W:\Git\etc\Work\WEBIR\apache-tomcat-9.0.0.M13\webapps\host-manager has finished in 47 ms
13-Nov-2017 11:30:32.462 INFO [localhost-startStop-1] org.apache.catalina.startup.HostConfig.deployDirectory Deploying web application directory W:\Git\etc\Work\WEBIR\apache-tomcat-9.0.0.M13\webapps\luceneweb
13-Nov-2017 11:30:33.460 INFO [localhost-startStop-1] org.apache.jasper.servlet.TldScanner.scanJars At least one JAR was scanned for TLDs yet contained no TLDs. Enable debug logging for this logger for a complete list of JARs that were scanned but no TLDs were found in them. Skipping unneeded JARs during scanning can improve startup time and JSP compilation time.
13-Nov-2017 11:30:33.475 INFO [localhost-startStop-1] org.apache.catalina.startup.HostConfig.deployDirectory Deployment of web application directory W:\Git\etc\Work\WEBIR\apache-tomcat-9.0.0.M13\webapps\luceneweb has finished in 1,013 ms
13-Nov-2017 11:30:33.475 INFO [localhost-startStop-1] org.apache.catalina.startup.HostConfig.deployDirectory Deploying web application directory W:\Git\etc\Work\WEBIR\apache-tomcat-9.0.0.M13\webapps\manager
13-Nov-2017 11:30:33.538 INFO [localhost-startStop-1] org.apache.catalina.startup.HostConfig.deployDirectory Deployment of web application directory W:\Git\etc\Work\WEBIR\apache-tomcat-9.0.0.M13\webapps\manager has finished in 63 ms
13-Nov-2017 11:30:33.538 INFO [localhost-startStop-1] org.apache.catalina.startup.HostConfig.deployDirectory Deploying web application directory W:\Git\etc\Work\WEBIR\apache-tomcat-9.0.0.M13\webapps\ROOT
13-Nov-2017 11:30:33.569 INFO [localhost-startStop-1] org.apache.catalina.startup.HostConfig.deployDirectory Deployment of web application directory W:\Git\etc\Work\WEBIR\apache-tomcat-9.0.0.M13\webapps\ROOT has finished in 31 ms
13-Nov-2017 11:30:33.585 INFO [main] org.apache.catalina.startup.Catalina.start Server startup in 2524 ms
13-Nov-2017 11:30:33.585 SEVERE [main] org.apache.catalina.core.StandardServer.await StandardServer.await: create[localhost:8005]: 
 java.net.BindException: Address already in use: JVM_Bind
	at java.net.DualStackPlainSocketImpl.bind0(Native Method)
	at java.net.DualStackPlainSocketImpl.socketBind(DualStackPlainSocketImpl.java:106)
	at java.net.AbstractPlainSocketImpl.bind(AbstractPlainSocketImpl.java:387)
	at java.net.PlainSocketImpl.bind(PlainSocketImpl.java:190)
	at java.net.ServerSocket.bind(ServerSocket.java:375)
	at java.net.ServerSocket.<init>(ServerSocket.java:237)
	at org.apache.catalina.core.StandardServer.await(StandardServer.java:441)
	at org.apache.catalina.startup.Catalina.await(Catalina.java:743)
	at org.apache.catalina.startup.Catalina.start(Catalina.java:689)
	at sun.reflect.NativeMethodAccessorImpl.invoke0(Native Method)
	at sun.reflect.NativeMethodAccessorImpl.invoke(NativeMethodAccessorImpl.java:62)
	at sun.reflect.DelegatingMethodAccessorImpl.invoke(DelegatingMethodAccessorImpl.java:43)
	at java.lang.reflect.Method.invoke(Method.java:498)
	at org.apache.catalina.startup.Bootstrap.start(Bootstrap.java:355)
	at org.apache.catalina.startup.Bootstrap.main(Bootstrap.java:495)

13-Nov-2017 11:30:33.585 INFO [main] org.apache.coyote.AbstractProtocol.pause Pausing ProtocolHandler ["http-nio-8080"]
13-Nov-2017 11:30:33.585 INFO [main] org.apache.coyote.AbstractProtocol.pause Pausing ProtocolHandler ["ajp-nio-8009"]
13-Nov-2017 11:30:33.585 INFO [main] org.apache.catalina.core.StandardService.stopInternal Stopping service Catalina
13-Nov-2017 11:30:33.616 INFO [main] org.apache.coyote.AbstractProtocol.stop Stopping ProtocolHandler ["http-nio-8080"]
13-Nov-2017 11:30:33.616 INFO [main] org.apache.coyote.AbstractProtocol.destroy Destroying ProtocolHandler ["http-nio-8080"]
13-Nov-2017 11:30:33.616 INFO [main] org.apache.coyote.AbstractProtocol.stop Stopping ProtocolHandler ["ajp-nio-8009"]
13-Nov-2017 11:30:33.616 INFO [main] org.apache.coyote.AbstractProtocol.destroy Destroying ProtocolHandler ["ajp-nio-8009"]
13-Nov-2017 11:30:39.554 INFO [main] org.apache.catalina.startup.VersionLoggerListener.log Server version:        Apache Tomcat/9.0.0.M13
13-Nov-2017 11:30:39.570 INFO [main] org.apache.catalina.startup.VersionLoggerListener.log Server built:          Nov 3 2016 20:59:41 UTC
13-Nov-2017 11:30:39.570 INFO [main] org.apache.catalina.startup.VersionLoggerListener.log Server number:         9.0.0.0
13-Nov-2017 11:30:39.570 INFO [main] org.apache.catalina.startup.VersionLoggerListener.log OS Name:               Windows 10
13-Nov-2017 11:30:39.570 INFO [main] org.apache.catalina.startup.VersionLoggerListener.log OS Version:            10.0
13-Nov-2017 11:30:39.570 INFO [main] org.apache.catalina.startup.VersionLoggerListener.log Architecture:          amd64
13-Nov-2017 11:30:39.570 INFO [main] org.apache.catalina.startup.VersionLoggerListener.log Java Home:             C:\Program Files\Java\jdk1.8.0_144\jre
13-Nov-2017 11:30:39.570 INFO [main] org.apache.catalina.startup.VersionLoggerListener.log JVM Version:           1.8.0_144-b01
13-Nov-2017 11:30:39.570 INFO [main] org.apache.catalina.startup.VersionLoggerListener.log JVM Vendor:            Oracle Corporation
13-Nov-2017 11:30:39.570 INFO [main] org.apache.catalina.startup.VersionLoggerListener.log CATALINA_BASE:         W:\Git\etc\Work\WEBIR\apache-tomcat-9.0.0.M13
13-Nov-2017 11:30:39.570 INFO [main] org.apache.catalina.startup.VersionLoggerListener.log CATALINA_HOME:         W:\Git\etc\Work\WEBIR\apache-tomcat-9.0.0.M13
13-Nov-2017 11:30:39.570 INFO [main] org.apache.catalina.startup.VersionLoggerListener.log Command line argument: -Djdk.tls.ephemeralDHKeySize=2048
13-Nov-2017 11:30:39.570 INFO [main] org.apache.catalina.startup.VersionLoggerListener.log Command line argument: -Djava.protocol.handler.pkgs=org.apache.catalina.webresources
13-Nov-2017 11:30:39.570 INFO [main] org.apache.catalina.startup.VersionLoggerListener.log Command line argument: -Djava.util.logging.config.file=W:\Git\etc\Work\WEBIR\apache-tomcat-9.0.0.M13\conf\logging.properties
13-Nov-2017 11:30:39.570 INFO [main] org.apache.catalina.startup.VersionLoggerListener.log Command line argument: -Djava.util.logging.manager=org.apache.juli.ClassLoaderLogManager
13-Nov-2017 11:30:39.570 INFO [main] org.apache.catalina.startup.VersionLoggerListener.log Command line argument: -Dcatalina.base=W:\Git\etc\Work\WEBIR\apache-tomcat-9.0.0.M13
13-Nov-2017 11:30:39.570 INFO [main] org.apache.catalina.startup.VersionLoggerListener.log Command line argument: -Dcatalina.home=W:\Git\etc\Work\WEBIR\apache-tomcat-9.0.0.M13
13-Nov-2017 11:30:39.570 INFO [main] org.apache.catalina.startup.VersionLoggerListener.log Command line argument: -Djava.io.tmpdir=W:\Git\etc\Work\WEBIR\apache-tomcat-9.0.0.M13\temp
13-Nov-2017 11:30:39.570 INFO [main] org.apache.catalina.core.AprLifecycleListener.lifecycleEvent Loaded APR based Apache Tomcat Native library 1.2.10 using APR version 1.5.2.
13-Nov-2017 11:30:39.570 INFO [main] org.apache.catalina.core.AprLifecycleListener.lifecycleEvent APR capabilities: IPv6 [true], sendfile [true], accept filters [false], random [true].
13-Nov-2017 11:30:39.570 INFO [main] org.apache.catalina.core.AprLifecycleListener.lifecycleEvent APR/OpenSSL configuration: useAprConnector [false], useOpenSSL [true]
13-Nov-2017 11:30:40.396 INFO [main] org.apache.catalina.core.AprLifecycleListener.initializeSSL OpenSSL successfully initialized (OpenSSL 1.0.2j  26 Sep 2016)
13-Nov-2017 11:30:40.506 INFO [main] org.apache.coyote.AbstractProtocol.init Initializing ProtocolHandler ["http-nio-8080"]
13-Nov-2017 11:30:40.697 INFO [main] org.apache.tomcat.util.net.NioSelectorPool.getSharedSelector Using a shared selector for servlet write/read
13-Nov-2017 11:30:40.701 INFO [main] org.apache.coyote.AbstractProtocol.init Initializing ProtocolHandler ["ajp-nio-8009"]
13-Nov-2017 11:30:40.708 INFO [main] org.apache.tomcat.util.net.NioSelectorPool.getSharedSelector Using a shared selector for servlet write/read
13-Nov-2017 11:30:40.708 INFO [main] org.apache.catalina.startup.Catalina.load Initialization processed in 1486 ms
13-Nov-2017 11:30:40.759 INFO [main] org.apache.catalina.core.StandardService.startInternal Starting service Catalina
13-Nov-2017 11:30:40.761 INFO [main] org.apache.catalina.core.StandardEngine.startInternal Starting Servlet Engine: Apache Tomcat/9.0.0.M13
13-Nov-2017 11:30:40.791 INFO [localhost-startStop-1] org.apache.catalina.startup.HostConfig.deployDirectory Deploying web application directory W:\Git\etc\Work\WEBIR\apache-tomcat-9.0.0.M13\webapps\docs
13-Nov-2017 11:30:41.068 INFO [localhost-startStop-1] org.apache.catalina.startup.HostConfig.deployDirectory Deployment of web application directory W:\Git\etc\Work\WEBIR\apache-tomcat-9.0.0.M13\webapps\docs has finished in 277 ms
13-Nov-2017 11:30:41.068 INFO [localhost-startStop-1] org.apache.catalina.startup.HostConfig.deployDirectory Deploying web application directory W:\Git\etc\Work\WEBIR\apache-tomcat-9.0.0.M13\webapps\examples
13-Nov-2017 11:30:41.349 INFO [localhost-startStop-1] org.apache.catalina.startup.HostConfig.deployDirectory Deployment of web application directory W:\Git\etc\Work\WEBIR\apache-tomcat-9.0.0.M13\webapps\examples has finished in 281 ms
13-Nov-2017 11:30:41.349 INFO [localhost-startStop-1] org.apache.catalina.startup.HostConfig.deployDirectory Deploying web application directory W:\Git\etc\Work\WEBIR\apache-tomcat-9.0.0.M13\webapps\host-manager
13-Nov-2017 11:30:41.396 INFO [localhost-startStop-1] org.apache.catalina.startup.HostConfig.deployDirectory Deployment of web application directory W:\Git\etc\Work\WEBIR\apache-tomcat-9.0.0.M13\webapps\host-manager has finished in 47 ms
13-Nov-2017 11:30:41.396 INFO [localhost-startStop-1] org.apache.catalina.startup.HostConfig.deployDirectory Deploying web application directory W:\Git\etc\Work\WEBIR\apache-tomcat-9.0.0.M13\webapps\luceneweb
13-Nov-2017 11:30:42.099 INFO [localhost-startStop-1] org.apache.jasper.servlet.TldScanner.scanJars At least one JAR was scanned for TLDs yet contained no TLDs. Enable debug logging for this logger for a complete list of JARs that were scanned but no TLDs were found in them. Skipping unneeded JARs during scanning can improve startup time and JSP compilation time.
13-Nov-2017 11:30:42.127 INFO [localhost-startStop-1] org.apache.catalina.startup.HostConfig.deployDirectory Deployment of web application directory W:\Git\etc\Work\WEBIR\apache-tomcat-9.0.0.M13\webapps\luceneweb has finished in 731 ms
13-Nov-2017 11:30:42.130 INFO [localhost-startStop-1] org.apache.catalina.startup.HostConfig.deployDirectory Deploying web application directory W:\Git\etc\Work\WEBIR\apache-tomcat-9.0.0.M13\webapps\manager
13-Nov-2017 11:30:42.174 INFO [localhost-startStop-1] org.apache.catalina.startup.HostConfig.deployDirectory Deployment of web application directory W:\Git\etc\Work\WEBIR\apache-tomcat-9.0.0.M13\webapps\manager has finished in 44 ms
13-Nov-2017 11:30:42.176 INFO [localhost-startStop-1] org.apache.catalina.startup.HostConfig.deployDirectory Deploying web application directory W:\Git\etc\Work\WEBIR\apache-tomcat-9.0.0.M13\webapps\ROOT
13-Nov-2017 11:30:42.210 INFO [localhost-startStop-1] org.apache.catalina.startup.HostConfig.deployDirectory Deployment of web application directory W:\Git\etc\Work\WEBIR\apache-tomcat-9.0.0.M13\webapps\ROOT has finished in 34 ms
13-Nov-2017 11:30:42.219 INFO [main] org.apache.coyote.AbstractProtocol.start Starting ProtocolHandler [http-nio-8080]
13-Nov-2017 11:30:42.226 INFO [main] org.apache.coyote.AbstractProtocol.start Starting ProtocolHandler [ajp-nio-8009]
13-Nov-2017 11:30:42.228 INFO [main] org.apache.catalina.startup.Catalina.start Server startup in 1519 ms
13-Nov-2017 12:18:37.524 INFO [http-nio-8080-exec-8] org.apache.coyote.http11.Http11Processor.service Error parsing HTTP request header
 Note: further occurrences of HTTP header parsing errors will be logged at DEBUG level.
 java.lang.IllegalArgumentException: Invalid character found in method name. HTTP method names must be tokens
	at org.apache.coyote.http11.Http11InputBuffer.parseRequestLine(Http11InputBuffer.java:402)
	at org.apache.coyote.http11.Http11Processor.service(Http11Processor.java:667)
	at org.apache.coyote.AbstractProcessorLight.process(AbstractProcessorLight.java:66)
	at org.apache.coyote.AbstractProtocol$ConnectionHandler.process(AbstractProtocol.java:745)
	at org.apache.tomcat.util.net.NioEndpoint$SocketProcessor.doRun(NioEndpoint.java:1455)
	at org.apache.tomcat.util.net.SocketProcessorBase.run(SocketProcessorBase.java:49)
	at java.util.concurrent.ThreadPoolExecutor.runWorker(ThreadPoolExecutor.java:1149)
	at java.util.concurrent.ThreadPoolExecutor$Worker.run(ThreadPoolExecutor.java:624)
	at org.apache.tomcat.util.threads.TaskThread$WrappingRunnable.run(TaskThread.java:61)
	at java.lang.Thread.run(Thread.java:748)

13-Nov-2017 16:40:02.339 INFO [main] org.apache.catalina.startup.VersionLoggerListener.log Server version:        Apache Tomcat/9.0.0.M13
13-Nov-2017 16:40:02.339 INFO [main] org.apache.catalina.startup.VersionLoggerListener.log Server built:          Nov 3 2016 20:59:41 UTC
13-Nov-2017 16:40:02.339 INFO [main] org.apache.catalina.startup.VersionLoggerListener.log Server number:         9.0.0.0
13-Nov-2017 16:40:02.339 INFO [main] org.apache.catalina.startup.VersionLoggerListener.log OS Name:               Windows 10
13-Nov-2017 16:40:02.339 INFO [main] org.apache.catalina.startup.VersionLoggerListener.log OS Version:            10.0
13-Nov-2017 16:40:02.339 INFO [main] org.apache.catalina.startup.VersionLoggerListener.log Architecture:          amd64
13-Nov-2017 16:40:02.339 INFO [main] org.apache.catalina.startup.VersionLoggerListener.log Java Home:             C:\Program Files\Java\jdk1.8.0_144\jre
13-Nov-2017 16:40:02.339 INFO [main] org.apache.catalina.startup.VersionLoggerListener.log JVM Version:           1.8.0_144-b01
13-Nov-2017 16:40:02.339 INFO [main] org.apache.catalina.startup.VersionLoggerListener.log JVM Vendor:            Oracle Corporation
13-Nov-2017 16:40:02.339 INFO [main] org.apache.catalina.startup.VersionLoggerListener.log CATALINA_BASE:         W:\Git\etc\Work\WEBIR\apache-tomcat-9.0.0.M13
13-Nov-2017 16:40:02.339 INFO [main] org.apache.catalina.startup.VersionLoggerListener.log CATALINA_HOME:         W:\Git\etc\Work\WEBIR\apache-tomcat-9.0.0.M13
13-Nov-2017 16:40:02.339 INFO [main] org.apache.catalina.startup.VersionLoggerListener.log Command line argument: -Djdk.tls.ephemeralDHKeySize=2048
13-Nov-2017 16:40:02.339 INFO [main] org.apache.catalina.startup.VersionLoggerListener.log Command line argument: -Djava.protocol.handler.pkgs=org.apache.catalina.webresources
13-Nov-2017 16:40:02.339 INFO [main] org.apache.catalina.startup.VersionLoggerListener.log Command line argument: -Djava.util.logging.config.file=W:\Git\etc\Work\WEBIR\apache-tomcat-9.0.0.M13\conf\logging.properties
13-Nov-2017 16:40:02.339 INFO [main] org.apache.catalina.startup.VersionLoggerListener.log Command line argument: -Djava.util.logging.manager=org.apache.juli.ClassLoaderLogManager
13-Nov-2017 16:40:02.339 INFO [main] org.apache.catalina.startup.VersionLoggerListener.log Command line argument: -Dcatalina.base=W:\Git\etc\Work\WEBIR\apache-tomcat-9.0.0.M13
13-Nov-2017 16:40:02.339 INFO [main] org.apache.catalina.startup.VersionLoggerListener.log Command line argument: -Dcatalina.home=W:\Git\etc\Work\WEBIR\apache-tomcat-9.0.0.M13
13-Nov-2017 16:40:02.339 INFO [main] org.apache.catalina.startup.VersionLoggerListener.log Command line argument: -Djava.io.tmpdir=W:\Git\etc\Work\WEBIR\apache-tomcat-9.0.0.M13\temp
13-Nov-2017 16:40:02.339 INFO [main] org.apache.catalina.core.AprLifecycleListener.lifecycleEvent Loaded APR based Apache Tomcat Native library 1.2.10 using APR version 1.5.2.
13-Nov-2017 16:40:02.339 INFO [main] org.apache.catalina.core.AprLifecycleListener.lifecycleEvent APR capabilities: IPv6 [true], sendfile [true], accept filters [false], random [true].
13-Nov-2017 16:40:02.339 INFO [main] org.apache.catalina.core.AprLifecycleListener.lifecycleEvent APR/OpenSSL configuration: useAprConnector [false], useOpenSSL [true]
13-Nov-2017 16:40:02.826 INFO [main] org.apache.catalina.core.AprLifecycleListener.initializeSSL OpenSSL successfully initialized (OpenSSL 1.0.2j  26 Sep 2016)
13-Nov-2017 16:40:03.066 INFO [main] org.apache.coyote.AbstractProtocol.init Initializing ProtocolHandler ["http-nio-8080"]
13-Nov-2017 16:40:03.160 INFO [main] org.apache.tomcat.util.net.NioSelectorPool.getSharedSelector Using a shared selector for servlet write/read
13-Nov-2017 16:40:03.160 INFO [main] org.apache.coyote.AbstractProtocol.init Initializing ProtocolHandler ["ajp-nio-8009"]
13-Nov-2017 16:40:03.176 INFO [main] org.apache.tomcat.util.net.NioSelectorPool.getSharedSelector Using a shared selector for servlet write/read
13-Nov-2017 16:40:03.176 INFO [main] org.apache.catalina.startup.Catalina.load Initialization processed in 1330 ms
13-Nov-2017 16:40:03.222 INFO [main] org.apache.catalina.core.StandardService.startInternal Starting service Catalina
13-Nov-2017 16:40:03.222 INFO [main] org.apache.catalina.core.StandardEngine.startInternal Starting Servlet Engine: Apache Tomcat/9.0.0.M13
13-Nov-2017 16:40:03.222 INFO [localhost-startStop-1] org.apache.catalina.startup.HostConfig.deployDirectory Deploying web application directory W:\Git\etc\Work\WEBIR\apache-tomcat-9.0.0.M13\webapps\docs
13-Nov-2017 16:40:03.620 INFO [localhost-startStop-1] org.apache.catalina.startup.HostConfig.deployDirectory Deployment of web application directory W:\Git\etc\Work\WEBIR\apache-tomcat-9.0.0.M13\webapps\docs has finished in 398 ms
13-Nov-2017 16:40:03.620 INFO [localhost-startStop-1] org.apache.catalina.startup.HostConfig.deployDirectory Deploying web application directory W:\Git\etc\Work\WEBIR\apache-tomcat-9.0.0.M13\webapps\examples
13-Nov-2017 16:40:04.428 INFO [localhost-startStop-1] org.apache.catalina.startup.HostConfig.deployDirectory Deployment of web application directory W:\Git\etc\Work\WEBIR\apache-tomcat-9.0.0.M13\webapps\examples has finished in 808 ms
13-Nov-2017 16:40:04.428 INFO [localhost-startStop-1] org.apache.catalina.startup.HostConfig.deployDirectory Deploying web application directory W:\Git\etc\Work\WEBIR\apache-tomcat-9.0.0.M13\webapps\host-manager
13-Nov-2017 16:40:04.537 INFO [localhost-startStop-1] org.apache.catalina.startup.HostConfig.deployDirectory Deployment of web application directory W:\Git\etc\Work\WEBIR\apache-tomcat-9.0.0.M13\webapps\host-manager has finished in 109 ms
13-Nov-2017 16:40:04.537 INFO [localhost-startStop-1] org.apache.catalina.startup.HostConfig.deployDirectory Deploying web application directory W:\Git\etc\Work\WEBIR\apache-tomcat-9.0.0.M13\webapps\luceneweb
13-Nov-2017 16:40:05.673 INFO [localhost-startStop-1] org.apache.jasper.servlet.TldScanner.scanJars At least one JAR was scanned for TLDs yet contained no TLDs. Enable debug logging for this logger for a complete list of JARs that were scanned but no TLDs were found in them. Skipping unneeded JARs during scanning can improve startup time and JSP compilation time.
13-Nov-2017 16:40:05.688 INFO [localhost-startStop-1] org.apache.catalina.startup.HostConfig.deployDirectory Deployment of web application directory W:\Git\etc\Work\WEBIR\apache-tomcat-9.0.0.M13\webapps\luceneweb has finished in 1,151 ms
13-Nov-2017 16:40:05.688 INFO [localhost-startStop-1] org.apache.catalina.startup.HostConfig.deployDirectory Deploying web application directory W:\Git\etc\Work\WEBIR\apache-tomcat-9.0.0.M13\webapps\manager
13-Nov-2017 16:40:05.735 INFO [localhost-startStop-1] org.apache.catalina.startup.HostConfig.deployDirectory Deployment of web application directory W:\Git\etc\Work\WEBIR\apache-tomcat-9.0.0.M13\webapps\manager has finished in 47 ms
13-Nov-2017 16:40:05.735 INFO [localhost-startStop-1] org.apache.catalina.startup.HostConfig.deployDirectory Deploying web application directory W:\Git\etc\Work\WEBIR\apache-tomcat-9.0.0.M13\webapps\ROOT
13-Nov-2017 16:40:05.772 INFO [localhost-startStop-1] org.apache.catalina.startup.HostConfig.deployDirectory Deployment of web application directory W:\Git\etc\Work\WEBIR\apache-tomcat-9.0.0.M13\webapps\ROOT has finished in 37 ms
13-Nov-2017 16:40:05.778 INFO [main] org.apache.coyote.AbstractProtocol.start Starting ProtocolHandler [http-nio-8080]
13-Nov-2017 16:40:05.784 INFO [main] org.apache.coyote.AbstractProtocol.start Starting ProtocolHandler [ajp-nio-8009]
13-Nov-2017 16:40:05.786 INFO [main] org.apache.catalina.startup.Catalina.start Server startup in 2608 ms
13-Nov-2017 16:45:33.364 INFO [Thread-5] org.apache.coyote.AbstractProtocol.pause Pausing ProtocolHandler ["http-nio-8080"]
13-Nov-2017 16:45:33.442 INFO [Thread-5] org.apache.coyote.AbstractProtocol.pause Pausing ProtocolHandler ["ajp-nio-8009"]
13-Nov-2017 16:45:33.504 INFO [Thread-5] org.apache.catalina.core.StandardService.stopInternal Stopping service Catalina
13-Nov-2017 16:45:33.692 INFO [Thread-5] org.apache.coyote.AbstractProtocol.stop Stopping ProtocolHandler ["http-nio-8080"]
13-Nov-2017 16:45:33.707 INFO [Thread-5] org.apache.coyote.AbstractProtocol.stop Stopping ProtocolHandler ["ajp-nio-8009"]
13-Nov-2017 16:45:33.707 INFO [Thread-5] org.apache.coyote.AbstractProtocol.destroy Destroying ProtocolHandler ["http-nio-8080"]
13-Nov-2017 16:45:33.707 INFO [Thread-5] org.apache.coyote.AbstractProtocol.destroy Destroying ProtocolHandler ["ajp-nio-8009"]
13-Nov-2017 16:46:31.256 INFO [main] org.apache.catalina.startup.VersionLoggerListener.log Server version:        Apache Tomcat/9.0.0.M13
13-Nov-2017 16:46:31.272 INFO [main] org.apache.catalina.startup.VersionLoggerListener.log Server built:          Nov 3 2016 20:59:41 UTC
13-Nov-2017 16:46:31.272 INFO [main] org.apache.catalina.startup.VersionLoggerListener.log Server number:         9.0.0.0
13-Nov-2017 16:46:31.272 INFO [main] org.apache.catalina.startup.VersionLoggerListener.log OS Name:               Windows 10
13-Nov-2017 16:46:31.272 INFO [main] org.apache.catalina.startup.VersionLoggerListener.log OS Version:            10.0
13-Nov-2017 16:46:31.272 INFO [main] org.apache.catalina.startup.VersionLoggerListener.log Architecture:          amd64
13-Nov-2017 16:46:31.272 INFO [main] org.apache.catalina.startup.VersionLoggerListener.log Java Home:             C:\Program Files\Java\jdk1.8.0_144\jre
13-Nov-2017 16:46:31.272 INFO [main] org.apache.catalina.startup.VersionLoggerListener.log JVM Version:           1.8.0_144-b01
13-Nov-2017 16:46:31.272 INFO [main] org.apache.catalina.startup.VersionLoggerListener.log JVM Vendor:            Oracle Corporation
13-Nov-2017 16:46:31.272 INFO [main] org.apache.catalina.startup.VersionLoggerListener.log CATALINA_BASE:         W:\Git\etc\Work\WEBIR\apache-tomcat-9.0.0.M13
13-Nov-2017 16:46:31.272 INFO [main] org.apache.catalina.startup.VersionLoggerListener.log CATALINA_HOME:         W:\Git\etc\Work\WEBIR\apache-tomcat-9.0.0.M13
13-Nov-2017 16:46:31.272 INFO [main] org.apache.catalina.startup.VersionLoggerListener.log Command line argument: -Djdk.tls.ephemeralDHKeySize=2048
13-Nov-2017 16:46:31.272 INFO [main] org.apache.catalina.startup.VersionLoggerListener.log Command line argument: -Djava.protocol.handler.pkgs=org.apache.catalina.webresources
13-Nov-2017 16:46:31.272 INFO [main] org.apache.catalina.startup.VersionLoggerListener.log Command line argument: -Djava.util.logging.config.file=W:\Git\etc\Work\WEBIR\apache-tomcat-9.0.0.M13\conf\logging.properties
13-Nov-2017 16:46:31.272 INFO [main] org.apache.catalina.startup.VersionLoggerListener.log Command line argument: -Djava.util.logging.manager=org.apache.juli.ClassLoaderLogManager
13-Nov-2017 16:46:31.272 INFO [main] org.apache.catalina.startup.VersionLoggerListener.log Command line argument: -Dcatalina.base=W:\Git\etc\Work\WEBIR\apache-tomcat-9.0.0.M13
13-Nov-2017 16:46:31.272 INFO [main] org.apache.catalina.startup.VersionLoggerListener.log Command line argument: -Dcatalina.home=W:\Git\etc\Work\WEBIR\apache-tomcat-9.0.0.M13
13-Nov-2017 16:46:31.272 INFO [main] org.apache.catalina.startup.VersionLoggerListener.log Command line argument: -Djava.io.tmpdir=W:\Git\etc\Work\WEBIR\apache-tomcat-9.0.0.M13\temp
13-Nov-2017 16:46:31.272 INFO [main] org.apache.catalina.core.AprLifecycleListener.lifecycleEvent Loaded APR based Apache Tomcat Native library 1.2.10 using APR version 1.5.2.
13-Nov-2017 16:46:31.272 INFO [main] org.apache.catalina.core.AprLifecycleListener.lifecycleEvent APR capabilities: IPv6 [true], sendfile [true], accept filters [false], random [true].
13-Nov-2017 16:46:31.272 INFO [main] org.apache.catalina.core.AprLifecycleListener.lifecycleEvent APR/OpenSSL configuration: useAprConnector [false], useOpenSSL [true]
13-Nov-2017 16:46:31.882 INFO [main] org.apache.catalina.core.AprLifecycleListener.initializeSSL OpenSSL successfully initialized (OpenSSL 1.0.2j  26 Sep 2016)
13-Nov-2017 16:46:31.991 INFO [main] org.apache.coyote.AbstractProtocol.init Initializing ProtocolHandler ["http-nio-8080"]
13-Nov-2017 16:46:32.147 INFO [main] org.apache.tomcat.util.net.NioSelectorPool.getSharedSelector Using a shared selector for servlet write/read
13-Nov-2017 16:46:32.147 INFO [main] org.apache.coyote.AbstractProtocol.init Initializing ProtocolHandler ["ajp-nio-8009"]
13-Nov-2017 16:46:32.147 INFO [main] org.apache.tomcat.util.net.NioSelectorPool.getSharedSelector Using a shared selector for servlet write/read
13-Nov-2017 16:46:32.163 INFO [main] org.apache.catalina.startup.Catalina.load Initialization processed in 1238 ms
13-Nov-2017 16:46:32.210 INFO [main] org.apache.catalina.core.StandardService.startInternal Starting service Catalina
13-Nov-2017 16:46:32.210 INFO [main] org.apache.catalina.core.StandardEngine.startInternal Starting Servlet Engine: Apache Tomcat/9.0.0.M13
13-Nov-2017 16:46:32.225 INFO [localhost-startStop-1] org.apache.catalina.startup.HostConfig.deployDirectory Deploying web application directory W:\Git\etc\Work\WEBIR\apache-tomcat-9.0.0.M13\webapps\docs
13-Nov-2017 16:46:32.621 INFO [localhost-startStop-1] org.apache.catalina.startup.HostConfig.deployDirectory Deployment of web application directory W:\Git\etc\Work\WEBIR\apache-tomcat-9.0.0.M13\webapps\docs has finished in 396 ms
13-Nov-2017 16:46:32.621 INFO [localhost-startStop-1] org.apache.catalina.startup.HostConfig.deployDirectory Deploying web application directory W:\Git\etc\Work\WEBIR\apache-tomcat-9.0.0.M13\webapps\examples
13-Nov-2017 16:46:32.981 INFO [localhost-startStop-1] org.apache.catalina.startup.HostConfig.deployDirectory Deployment of web application directory W:\Git\etc\Work\WEBIR\apache-tomcat-9.0.0.M13\webapps\examples has finished in 360 ms
13-Nov-2017 16:46:32.981 INFO [localhost-startStop-1] org.apache.catalina.startup.HostConfig.deployDirectory Deploying web application directory W:\Git\etc\Work\WEBIR\apache-tomcat-9.0.0.M13\webapps\host-manager
13-Nov-2017 16:46:33.012 INFO [localhost-startStop-1] org.apache.catalina.startup.HostConfig.deployDirectory Deployment of web application directory W:\Git\etc\Work\WEBIR\apache-tomcat-9.0.0.M13\webapps\host-manager has finished in 31 ms
13-Nov-2017 16:46:33.012 INFO [localhost-startStop-1] org.apache.catalina.startup.HostConfig.deployDirectory Deploying web application directory W:\Git\etc\Work\WEBIR\apache-tomcat-9.0.0.M13\webapps\luceneweb
13-Nov-2017 16:46:33.754 INFO [localhost-startStop-1] org.apache.jasper.servlet.TldScanner.scanJars At least one JAR was scanned for TLDs yet contained no TLDs. Enable debug logging for this logger for a complete list of JARs that were scanned but no TLDs were found in them. Skipping unneeded JARs during scanning can improve startup time and JSP compilation time.
13-Nov-2017 16:46:33.832 INFO [localhost-startStop-1] org.apache.catalina.startup.HostConfig.deployDirectory Deployment of web application directory W:\Git\etc\Work\WEBIR\apache-tomcat-9.0.0.M13\webapps\luceneweb has finished in 820 ms
13-Nov-2017 16:46:33.832 INFO [localhost-startStop-1] org.apache.catalina.startup.HostConfig.deployDirectory Deploying web application directory W:\Git\etc\Work\WEBIR\apache-tomcat-9.0.0.M13\webapps\manager
13-Nov-2017 16:46:33.894 INFO [localhost-startStop-1] org.apache.catalina.startup.HostConfig.deployDirectory Deployment of web application directory W:\Git\etc\Work\WEBIR\apache-tomcat-9.0.0.M13\webapps\manager has finished in 62 ms
13-Nov-2017 16:46:33.894 INFO [localhost-startStop-1] org.apache.catalina.startup.HostConfig.deployDirectory Deploying web application directory W:\Git\etc\Work\WEBIR\apache-tomcat-9.0.0.M13\webapps\ROOT
13-Nov-2017 16:46:33.926 INFO [localhost-startStop-1] org.apache.catalina.startup.HostConfig.deployDirectory Deployment of web application directory W:\Git\etc\Work\WEBIR\apache-tomcat-9.0.0.M13\webapps\ROOT has finished in 32 ms
13-Nov-2017 16:46:33.941 INFO [main] org.apache.coyote.AbstractProtocol.start Starting ProtocolHandler [http-nio-8080]
13-Nov-2017 16:46:33.957 INFO [main] org.apache.coyote.AbstractProtocol.start Starting ProtocolHandler [ajp-nio-8009]
13-Nov-2017 16:46:33.957 INFO [main] org.apache.catalina.startup.Catalina.start Server startup in 1801 ms
13-Nov-2017 18:12:59.480 INFO [main] org.apache.catalina.startup.VersionLoggerListener.log Server version:        Apache Tomcat/9.0.0.M13
13-Nov-2017 18:12:59.496 INFO [main] org.apache.catalina.startup.VersionLoggerListener.log Server built:          Nov 3 2016 20:59:41 UTC
13-Nov-2017 18:12:59.496 INFO [main] org.apache.catalina.startup.VersionLoggerListener.log Server number:         9.0.0.0
13-Nov-2017 18:12:59.496 INFO [main] org.apache.catalina.startup.VersionLoggerListener.log OS Name:               Windows 10
13-Nov-2017 18:12:59.496 INFO [main] org.apache.catalina.startup.VersionLoggerListener.log OS Version:            10.0
13-Nov-2017 18:12:59.496 INFO [main] org.apache.catalina.startup.VersionLoggerListener.log Architecture:          amd64
13-Nov-2017 18:12:59.496 INFO [main] org.apache.catalina.startup.VersionLoggerListener.log Java Home:             C:\Program Files\Java\jdk1.8.0_144\jre
13-Nov-2017 18:12:59.496 INFO [main] org.apache.catalina.startup.VersionLoggerListener.log JVM Version:           1.8.0_144-b01
13-Nov-2017 18:12:59.496 INFO [main] org.apache.catalina.startup.VersionLoggerListener.log JVM Vendor:            Oracle Corporation
13-Nov-2017 18:12:59.496 INFO [main] org.apache.catalina.startup.VersionLoggerListener.log CATALINA_BASE:         W:\Git\etc\Work\WEBIR\apache-tomcat-9.0.0.M13
13-Nov-2017 18:12:59.496 INFO [main] org.apache.catalina.startup.VersionLoggerListener.log CATALINA_HOME:         W:\Git\etc\Work\WEBIR\apache-tomcat-9.0.0.M13
13-Nov-2017 18:12:59.496 INFO [main] org.apache.catalina.startup.VersionLoggerListener.log Command line argument: -Djdk.tls.ephemeralDHKeySize=2048
13-Nov-2017 18:12:59.496 INFO [main] org.apache.catalina.startup.VersionLoggerListener.log Command line argument: -Djava.protocol.handler.pkgs=org.apache.catalina.webresources
13-Nov-2017 18:12:59.496 INFO [main] org.apache.catalina.startup.VersionLoggerListener.log Command line argument: -Djava.util.logging.config.file=W:\Git\etc\Work\WEBIR\apache-tomcat-9.0.0.M13\conf\logging.properties
13-Nov-2017 18:12:59.496 INFO [main] org.apache.catalina.startup.VersionLoggerListener.log Command line argument: -Djava.util.logging.manager=org.apache.juli.ClassLoaderLogManager
13-Nov-2017 18:12:59.496 INFO [main] org.apache.catalina.startup.VersionLoggerListener.log Command line argument: -Dcatalina.base=W:\Git\etc\Work\WEBIR\apache-tomcat-9.0.0.M13
13-Nov-2017 18:12:59.496 INFO [main] org.apache.catalina.startup.VersionLoggerListener.log Command line argument: -Dcatalina.home=W:\Git\etc\Work\WEBIR\apache-tomcat-9.0.0.M13
13-Nov-2017 18:12:59.496 INFO [main] org.apache.catalina.startup.VersionLoggerListener.log Command line argument: -Djava.io.tmpdir=W:\Git\etc\Work\WEBIR\apache-tomcat-9.0.0.M13\temp
13-Nov-2017 18:12:59.496 INFO [main] org.apache.catalina.core.AprLifecycleListener.lifecycleEvent Loaded APR based Apache Tomcat Native library 1.2.10 using APR version 1.5.2.
13-Nov-2017 18:12:59.496 INFO [main] org.apache.catalina.core.AprLifecycleListener.lifecycleEvent APR capabilities: IPv6 [true], sendfile [true], accept filters [false], random [true].
13-Nov-2017 18:12:59.496 INFO [main] org.apache.catalina.core.AprLifecycleListener.lifecycleEvent APR/OpenSSL configuration: useAprConnector [false], useOpenSSL [true]
13-Nov-2017 18:13:01.056 INFO [main] org.apache.catalina.core.AprLifecycleListener.initializeSSL OpenSSL successfully initialized (OpenSSL 1.0.2j  26 Sep 2016)
13-Nov-2017 18:13:02.226 INFO [main] org.apache.coyote.AbstractProtocol.init Initializing ProtocolHandler ["http-nio-8080"]
13-Nov-2017 18:13:02.550 INFO [main] org.apache.tomcat.util.net.NioSelectorPool.getSharedSelector Using a shared selector for servlet write/read
13-Nov-2017 18:13:02.550 INFO [main] org.apache.coyote.AbstractProtocol.init Initializing ProtocolHandler ["ajp-nio-8009"]
13-Nov-2017 18:13:02.550 INFO [main] org.apache.tomcat.util.net.NioSelectorPool.getSharedSelector Using a shared selector for servlet write/read
13-Nov-2017 18:13:02.565 INFO [main] org.apache.catalina.startup.Catalina.load Initialization processed in 4776 ms
13-Nov-2017 18:13:02.675 INFO [main] org.apache.catalina.core.StandardService.startInternal Starting service Catalina
13-Nov-2017 18:13:02.675 INFO [main] org.apache.catalina.core.StandardEngine.startInternal Starting Servlet Engine: Apache Tomcat/9.0.0.M13
13-Nov-2017 18:13:02.721 INFO [localhost-startStop-1] org.apache.catalina.startup.HostConfig.deployDirectory Deploying web application directory W:\Git\etc\Work\WEBIR\apache-tomcat-9.0.0.M13\webapps\docs
13-Nov-2017 18:13:05.710 INFO [localhost-startStop-1] org.apache.catalina.startup.HostConfig.deployDirectory Deployment of web application directory W:\Git\etc\Work\WEBIR\apache-tomcat-9.0.0.M13\webapps\docs has finished in 2,989 ms
13-Nov-2017 18:13:05.710 INFO [localhost-startStop-1] org.apache.catalina.startup.HostConfig.deployDirectory Deploying web application directory W:\Git\etc\Work\WEBIR\apache-tomcat-9.0.0.M13\webapps\examples
13-Nov-2017 18:13:07.242 INFO [localhost-startStop-1] org.apache.catalina.startup.HostConfig.deployDirectory Deployment of web application directory W:\Git\etc\Work\WEBIR\apache-tomcat-9.0.0.M13\webapps\examples has finished in 1,532 ms
13-Nov-2017 18:13:07.242 INFO [localhost-startStop-1] org.apache.catalina.startup.HostConfig.deployDirectory Deploying web application directory W:\Git\etc\Work\WEBIR\apache-tomcat-9.0.0.M13\webapps\host-manager
13-Nov-2017 18:13:07.351 INFO [localhost-startStop-1] org.apache.catalina.startup.HostConfig.deployDirectory Deployment of web application directory W:\Git\etc\Work\WEBIR\apache-tomcat-9.0.0.M13\webapps\host-manager has finished in 109 ms
13-Nov-2017 18:13:07.352 INFO [localhost-startStop-1] org.apache.catalina.startup.HostConfig.deployDirectory Deploying web application directory W:\Git\etc\Work\WEBIR\apache-tomcat-9.0.0.M13\webapps\luceneweb
13-Nov-2017 18:13:13.548 INFO [localhost-startStop-1] org.apache.jasper.servlet.TldScanner.scanJars At least one JAR was scanned for TLDs yet contained no TLDs. Enable debug logging for this logger for a complete list of JARs that were scanned but no TLDs were found in them. Skipping unneeded JARs during scanning can improve startup time and JSP compilation time.
13-Nov-2017 18:13:13.569 INFO [localhost-startStop-1] org.apache.catalina.startup.HostConfig.deployDirectory Deployment of web application directory W:\Git\etc\Work\WEBIR\apache-tomcat-9.0.0.M13\webapps\luceneweb has finished in 6,216 ms
13-Nov-2017 18:13:13.569 INFO [localhost-startStop-1] org.apache.catalina.startup.HostConfig.deployDirectory Deploying web application directory W:\Git\etc\Work\WEBIR\apache-tomcat-9.0.0.M13\webapps\manager
13-Nov-2017 18:13:13.667 INFO [localhost-startStop-1] org.apache.catalina.startup.HostConfig.deployDirectory Deployment of web application directory W:\Git\etc\Work\WEBIR\apache-tomcat-9.0.0.M13\webapps\manager has finished in 97 ms
13-Nov-2017 18:13:13.667 INFO [localhost-startStop-1] org.apache.catalina.startup.HostConfig.deployDirectory Deploying web application directory W:\Git\etc\Work\WEBIR\apache-tomcat-9.0.0.M13\webapps\ROOT
13-Nov-2017 18:13:13.712 INFO [localhost-startStop-1] org.apache.catalina.startup.HostConfig.deployDirectory Deployment of web application directory W:\Git\etc\Work\WEBIR\apache-tomcat-9.0.0.M13\webapps\ROOT has finished in 45 ms
13-Nov-2017 18:13:13.717 INFO [main] org.apache.coyote.AbstractProtocol.start Starting ProtocolHandler [http-nio-8080]
13-Nov-2017 18:13:13.728 INFO [main] org.apache.coyote.AbstractProtocol.start Starting ProtocolHandler [ajp-nio-8009]
13-Nov-2017 18:13:13.731 INFO [main] org.apache.catalina.startup.Catalina.start Server startup in 11147 ms
13-Nov-2017 22:11:45.604 INFO [main] org.apache.catalina.startup.VersionLoggerListener.log Server version:        Apache Tomcat/9.0.0.M13
13-Nov-2017 22:11:45.606 INFO [main] org.apache.catalina.startup.VersionLoggerListener.log Server built:          Nov 3 2016 20:59:41 UTC
13-Nov-2017 22:11:45.606 INFO [main] org.apache.catalina.startup.VersionLoggerListener.log Server number:         9.0.0.0
13-Nov-2017 22:11:45.606 INFO [main] org.apache.catalina.startup.VersionLoggerListener.log OS Name:               Windows 10
13-Nov-2017 22:11:45.606 INFO [main] org.apache.catalina.startup.VersionLoggerListener.log OS Version:            10.0
13-Nov-2017 22:11:45.606 INFO [main] org.apache.catalina.startup.VersionLoggerListener.log Architecture:          amd64
13-Nov-2017 22:11:45.606 INFO [main] org.apache.catalina.startup.VersionLoggerListener.log Java Home:             C:\Program Files\Java\jdk1.8.0_144\jre
13-Nov-2017 22:11:45.606 INFO [main] org.apache.catalina.startup.VersionLoggerListener.log JVM Version:           1.8.0_144-b01
13-Nov-2017 22:11:45.607 INFO [main] org.apache.catalina.startup.VersionLoggerListener.log JVM Vendor:            Oracle Corporation
13-Nov-2017 22:11:45.607 INFO [main] org.apache.catalina.startup.VersionLoggerListener.log CATALINA_BASE:         W:\Git\etc\Work\WEBIR\apache-tomcat-9.0.0.M13
13-Nov-2017 22:11:45.607 INFO [main] org.apache.catalina.startup.VersionLoggerListener.log CATALINA_HOME:         W:\Git\etc\Work\WEBIR\apache-tomcat-9.0.0.M13
13-Nov-2017 22:11:45.607 INFO [main] org.apache.catalina.startup.VersionLoggerListener.log Command line argument: -Djdk.tls.ephemeralDHKeySize=2048
13-Nov-2017 22:11:45.607 INFO [main] org.apache.catalina.startup.VersionLoggerListener.log Command line argument: -Djava.protocol.handler.pkgs=org.apache.catalina.webresources
13-Nov-2017 22:11:45.607 INFO [main] org.apache.catalina.startup.VersionLoggerListener.log Command line argument: -Djava.util.logging.config.file=W:\Git\etc\Work\WEBIR\apache-tomcat-9.0.0.M13\conf\logging.properties
13-Nov-2017 22:11:45.607 INFO [main] org.apache.catalina.startup.VersionLoggerListener.log Command line argument: -Djava.util.logging.manager=org.apache.juli.ClassLoaderLogManager
13-Nov-2017 22:11:45.608 INFO [main] org.apache.catalina.startup.VersionLoggerListener.log Command line argument: -Dcatalina.base=W:\Git\etc\Work\WEBIR\apache-tomcat-9.0.0.M13
13-Nov-2017 22:11:45.608 INFO [main] org.apache.catalina.startup.VersionLoggerListener.log Command line argument: -Dcatalina.home=W:\Git\etc\Work\WEBIR\apache-tomcat-9.0.0.M13
13-Nov-2017 22:11:45.608 INFO [main] org.apache.catalina.startup.VersionLoggerListener.log Command line argument: -Djava.io.tmpdir=W:\Git\etc\Work\WEBIR\apache-tomcat-9.0.0.M13\temp
13-Nov-2017 22:11:45.609 INFO [main] org.apache.catalina.core.AprLifecycleListener.lifecycleEvent Loaded APR based Apache Tomcat Native library 1.2.10 using APR version 1.5.2.
13-Nov-2017 22:11:45.610 INFO [main] org.apache.catalina.core.AprLifecycleListener.lifecycleEvent APR capabilities: IPv6 [true], sendfile [true], accept filters [false], random [true].
13-Nov-2017 22:11:45.610 INFO [main] org.apache.catalina.core.AprLifecycleListener.lifecycleEvent APR/OpenSSL configuration: useAprConnector [false], useOpenSSL [true]
13-Nov-2017 22:11:46.380 INFO [main] org.apache.catalina.core.AprLifecycleListener.initializeSSL OpenSSL successfully initialized (OpenSSL 1.0.2j  26 Sep 2016)
13-Nov-2017 22:11:46.599 INFO [main] org.apache.coyote.AbstractProtocol.init Initializing ProtocolHandler ["http-nio-8080"]
13-Nov-2017 22:11:46.707 INFO [main] org.apache.tomcat.util.net.NioSelectorPool.getSharedSelector Using a shared selector for servlet write/read
13-Nov-2017 22:11:46.716 INFO [main] org.apache.coyote.AbstractProtocol.init Initializing ProtocolHandler ["ajp-nio-8009"]
13-Nov-2017 22:11:46.719 INFO [main] org.apache.tomcat.util.net.NioSelectorPool.getSharedSelector Using a shared selector for servlet write/read
13-Nov-2017 22:11:46.719 INFO [main] org.apache.catalina.startup.Catalina.load Initialization processed in 1517 ms
13-Nov-2017 22:11:46.775 INFO [main] org.apache.catalina.core.StandardService.startInternal Starting service Catalina
13-Nov-2017 22:11:46.777 INFO [main] org.apache.catalina.core.StandardEngine.startInternal Starting Servlet Engine: Apache Tomcat/9.0.0.M13
13-Nov-2017 22:11:46.792 INFO [localhost-startStop-1] org.apache.catalina.startup.HostConfig.deployDirectory Deploying web application directory W:\Git\etc\Work\WEBIR\apache-tomcat-9.0.0.M13\webapps\docs
13-Nov-2017 22:11:47.498 INFO [localhost-startStop-1] org.apache.catalina.startup.HostConfig.deployDirectory Deployment of web application directory W:\Git\etc\Work\WEBIR\apache-tomcat-9.0.0.M13\webapps\docs has finished in 706 ms
13-Nov-2017 22:11:47.499 INFO [localhost-startStop-1] org.apache.catalina.startup.HostConfig.deployDirectory Deploying web application directory W:\Git\etc\Work\WEBIR\apache-tomcat-9.0.0.M13\webapps\examples
13-Nov-2017 22:11:48.419 INFO [localhost-startStop-1] org.apache.catalina.startup.HostConfig.deployDirectory Deployment of web application directory W:\Git\etc\Work\WEBIR\apache-tomcat-9.0.0.M13\webapps\examples has finished in 920 ms
13-Nov-2017 22:11:48.420 INFO [localhost-startStop-1] org.apache.catalina.startup.HostConfig.deployDirectory Deploying web application directory W:\Git\etc\Work\WEBIR\apache-tomcat-9.0.0.M13\webapps\host-manager
13-Nov-2017 22:11:48.490 INFO [localhost-startStop-1] org.apache.catalina.startup.HostConfig.deployDirectory Deployment of web application directory W:\Git\etc\Work\WEBIR\apache-tomcat-9.0.0.M13\webapps\host-manager has finished in 70 ms
13-Nov-2017 22:11:48.490 INFO [localhost-startStop-1] org.apache.catalina.startup.HostConfig.deployDirectory Deploying web application directory W:\Git\etc\Work\WEBIR\apache-tomcat-9.0.0.M13\webapps\luceneweb
13-Nov-2017 22:11:49.665 INFO [localhost-startStop-1] org.apache.jasper.servlet.TldScanner.scanJars At least one JAR was scanned for TLDs yet contained no TLDs. Enable debug logging for this logger for a complete list of JARs that were scanned but no TLDs were found in them. Skipping unneeded JARs during scanning can improve startup time and JSP compilation time.
13-Nov-2017 22:11:49.679 INFO [localhost-startStop-1] org.apache.catalina.startup.HostConfig.deployDirectory Deployment of web application directory W:\Git\etc\Work\WEBIR\apache-tomcat-9.0.0.M13\webapps\luceneweb has finished in 1,189 ms
13-Nov-2017 22:11:49.680 INFO [localhost-startStop-1] org.apache.catalina.startup.HostConfig.deployDirectory Deploying web application directory W:\Git\etc\Work\WEBIR\apache-tomcat-9.0.0.M13\webapps\manager
13-Nov-2017 22:11:49.734 INFO [localhost-startStop-1] org.apache.catalina.startup.HostConfig.deployDirectory Deployment of web application directory W:\Git\etc\Work\WEBIR\apache-tomcat-9.0.0.M13\webapps\manager has finished in 54 ms
13-Nov-2017 22:11:49.736 INFO [localhost-startStop-1] org.apache.catalina.startup.HostConfig.deployDirectory Deploying web application directory W:\Git\etc\Work\WEBIR\apache-tomcat-9.0.0.M13\webapps\ROOT
13-Nov-2017 22:11:49.774 INFO [localhost-startStop-1] org.apache.catalina.startup.HostConfig.deployDirectory Deployment of web application directory W:\Git\etc\Work\WEBIR\apache-tomcat-9.0.0.M13\webapps\ROOT has finished in 38 ms
13-Nov-2017 22:11:49.779 INFO [main] org.apache.coyote.AbstractProtocol.start Starting ProtocolHandler [http-nio-8080]
13-Nov-2017 22:11:49.791 INFO [main] org.apache.coyote.AbstractProtocol.start Starting ProtocolHandler [ajp-nio-8009]
13-Nov-2017 22:11:49.793 INFO [main] org.apache.catalina.startup.Catalina.start Server startup in 3073 ms
