15-Nov-2017 21:15:02.301 INFO [localhost-startStop-1] org.apache.catalina.core.ApplicationContext.log ContextListener: contextInitialized()
15-Nov-2017 21:15:02.301 INFO [localhost-startStop-1] org.apache.catalina.core.ApplicationContext.log SessionListener: contextInitialized()
15-Nov-2017 21:15:10.384 SEVERE [http-nio-8080-exec-3] org.apache.catalina.core.StandardWrapperValve.invoke Servlet.service() for servlet [jsp] in context with path [/luceneweb] threw exception [Unable to compile class for JSP: 

An error occurred at line: 253 in the jsp file: /results.jsp
score cannot be resolved or is not a field
250:                     public int compare(NewRank n1, NewRank n2) {
251:                         double score1 = 0, score2 = 0, omega = 0.5;
252:                         try{
253:                             score1 = omega*n1.score + (1-omega)*n1.Page_Rankpr1;
254:                             score2 = omega*n2.score + (1-omega)*n2.Page_Rank;
255:                         } catch (Exception e) {
256:                             System.out.println("Exception :" + e);


An error occurred at line: 253 in the jsp file: /results.jsp
Page_Rankpr1 cannot be resolved or is not a field
250:                     public int compare(NewRank n1, NewRank n2) {
251:                         double score1 = 0, score2 = 0, omega = 0.5;
252:                         try{
253:                             score1 = omega*n1.score + (1-omega)*n1.Page_Rankpr1;
254:                             score2 = omega*n2.score + (1-omega)*n2.Page_Rank;
255:                         } catch (Exception e) {
256:                             System.out.println("Exception :" + e);


An error occurred at line: 254 in the jsp file: /results.jsp
score cannot be resolved or is not a field
251:                         double score1 = 0, score2 = 0, omega = 0.5;
252:                         try{
253:                             score1 = omega*n1.score + (1-omega)*n1.Page_Rankpr1;
254:                             score2 = omega*n2.score + (1-omega)*n2.Page_Rank;
255:                         } catch (Exception e) {
256:                             System.out.println("Exception :" + e);
257:                          }


Stacktrace:] with root cause
 org.apache.jasper.JasperException: Unable to compile class for JSP: 

An error occurred at line: 253 in the jsp file: /results.jsp
score cannot be resolved or is not a field
250:                     public int compare(NewRank n1, NewRank n2) {
251:                         double score1 = 0, score2 = 0, omega = 0.5;
252:                         try{
253:                             score1 = omega*n1.score + (1-omega)*n1.Page_Rankpr1;
254:                             score2 = omega*n2.score + (1-omega)*n2.Page_Rank;
255:                         } catch (Exception e) {
256:                             System.out.println("Exception :" + e);


An error occurred at line: 253 in the jsp file: /results.jsp
Page_Rankpr1 cannot be resolved or is not a field
250:                     public int compare(NewRank n1, NewRank n2) {
251:                         double score1 = 0, score2 = 0, omega = 0.5;
252:                         try{
253:                             score1 = omega*n1.score + (1-omega)*n1.Page_Rankpr1;
254:                             score2 = omega*n2.score + (1-omega)*n2.Page_Rank;
255:                         } catch (Exception e) {
256:                             System.out.println("Exception :" + e);


An error occurred at line: 254 in the jsp file: /results.jsp
score cannot be resolved or is not a field
251:                         double score1 = 0, score2 = 0, omega = 0.5;
252:                         try{
253:                             score1 = omega*n1.score + (1-omega)*n1.Page_Rankpr1;
254:                             score2 = omega*n2.score + (1-omega)*n2.Page_Rank;
255:                         } catch (Exception e) {
256:                             System.out.println("Exception :" + e);
257:                          }


Stacktrace:
	at org.apache.jasper.compiler.DefaultErrorHandler.javacError(DefaultErrorHandler.java:103)
	at org.apache.jasper.compiler.ErrorDispatcher.javacError(ErrorDispatcher.java:212)
	at org.apache.jasper.compiler.JDTCompiler.generateClass(JDTCompiler.java:457)
	at org.apache.jasper.compiler.Compiler.compile(Compiler.java:377)
	at org.apache.jasper.compiler.Compiler.compile(Compiler.java:349)
	at org.apache.jasper.compiler.Compiler.compile(Compiler.java:333)
	at org.apache.jasper.JspCompilationContext.compile(JspCompilationContext.java:600)
	at org.apache.jasper.servlet.JspServletWrapper.service(JspServletWrapper.java:368)
	at org.apache.jasper.servlet.JspServlet.serviceJspFile(JspServlet.java:385)
	at org.apache.jasper.servlet.JspServlet.service(JspServlet.java:329)
	at javax.servlet.http.HttpServlet.service(HttpServlet.java:729)
	at org.apache.catalina.core.ApplicationFilterChain.internalDoFilter(ApplicationFilterChain.java:230)
	at org.apache.catalina.core.ApplicationFilterChain.doFilter(ApplicationFilterChain.java:165)
	at org.apache.tomcat.websocket.server.WsFilter.doFilter(WsFilter.java:53)
	at org.apache.catalina.core.ApplicationFilterChain.internalDoFilter(ApplicationFilterChain.java:192)
	at org.apache.catalina.core.ApplicationFilterChain.doFilter(ApplicationFilterChain.java:165)
	at org.apache.catalina.core.StandardWrapperValve.invoke(StandardWrapperValve.java:199)
	at org.apache.catalina.core.StandardContextValve.invoke(StandardContextValve.java:108)
	at org.apache.catalina.authenticator.AuthenticatorBase.invoke(AuthenticatorBase.java:472)
	at org.apache.catalina.core.StandardHostValve.invoke(StandardHostValve.java:140)
	at org.apache.catalina.valves.ErrorReportValve.invoke(ErrorReportValve.java:79)
	at org.apache.catalina.valves.AbstractAccessLogValve.invoke(AbstractAccessLogValve.java:620)
	at org.apache.catalina.core.StandardEngineValve.invoke(StandardEngineValve.java:87)
	at org.apache.catalina.connector.CoyoteAdapter.service(CoyoteAdapter.java:349)
	at org.apache.coyote.http11.Http11Processor.service(Http11Processor.java:783)
	at org.apache.coyote.AbstractProcessorLight.process(AbstractProcessorLight.java:66)
	at org.apache.coyote.AbstractProtocol$ConnectionHandler.process(AbstractProtocol.java:745)
	at org.apache.tomcat.util.net.NioEndpoint$SocketProcessor.doRun(NioEndpoint.java:1455)
	at org.apache.tomcat.util.net.SocketProcessorBase.run(SocketProcessorBase.java:49)
	at java.util.concurrent.ThreadPoolExecutor.runWorker(ThreadPoolExecutor.java:1149)
	at java.util.concurrent.ThreadPoolExecutor$Worker.run(ThreadPoolExecutor.java:624)
	at org.apache.tomcat.util.threads.TaskThread$WrappingRunnable.run(TaskThread.java:61)
	at java.lang.Thread.run(Thread.java:748)

15-Nov-2017 21:26:55.178 SEVERE [http-nio-8080-exec-5] org.apache.catalina.core.StandardWrapperValve.invoke Servlet.service() for servlet [jsp] in context with path [/luceneweb] threw exception [Unable to compile class for JSP: 

An error occurred at line: 73 in the jsp file: /results.jsp
hits.totalHits cannot be resolved to a type
70:          </div>
71:      </form>
72:      <div class="row" style="float:right; width : 85%; left: 15%">
73:         <td></td><td>Number of hits page : <%=hits.totalHits%></td>
74:      </div>
75:      </div>
76:  </div>


Stacktrace:] with root cause
 org.apache.jasper.JasperException: Unable to compile class for JSP: 

An error occurred at line: 73 in the jsp file: /results.jsp
hits.totalHits cannot be resolved to a type
70:          </div>
71:      </form>
72:      <div class="row" style="float:right; width : 85%; left: 15%">
73:         <td></td><td>Number of hits page : <%=hits.totalHits%></td>
74:      </div>
75:      </div>
76:  </div>


Stacktrace:
	at org.apache.jasper.compiler.DefaultErrorHandler.javacError(DefaultErrorHandler.java:103)
	at org.apache.jasper.compiler.ErrorDispatcher.javacError(ErrorDispatcher.java:212)
	at org.apache.jasper.compiler.JDTCompiler.generateClass(JDTCompiler.java:457)
	at org.apache.jasper.compiler.Compiler.compile(Compiler.java:377)
	at org.apache.jasper.compiler.Compiler.compile(Compiler.java:349)
	at org.apache.jasper.compiler.Compiler.compile(Compiler.java:333)
	at org.apache.jasper.JspCompilationContext.compile(JspCompilationContext.java:600)
	at org.apache.jasper.servlet.JspServletWrapper.service(JspServletWrapper.java:368)
	at org.apache.jasper.servlet.JspServlet.serviceJspFile(JspServlet.java:385)
	at org.apache.jasper.servlet.JspServlet.service(JspServlet.java:329)
	at javax.servlet.http.HttpServlet.service(HttpServlet.java:729)
	at org.apache.catalina.core.ApplicationFilterChain.internalDoFilter(ApplicationFilterChain.java:230)
	at org.apache.catalina.core.ApplicationFilterChain.doFilter(ApplicationFilterChain.java:165)
	at org.apache.tomcat.websocket.server.WsFilter.doFilter(WsFilter.java:53)
	at org.apache.catalina.core.ApplicationFilterChain.internalDoFilter(ApplicationFilterChain.java:192)
	at org.apache.catalina.core.ApplicationFilterChain.doFilter(ApplicationFilterChain.java:165)
	at org.apache.catalina.core.StandardWrapperValve.invoke(StandardWrapperValve.java:199)
	at org.apache.catalina.core.StandardContextValve.invoke(StandardContextValve.java:108)
	at org.apache.catalina.authenticator.AuthenticatorBase.invoke(AuthenticatorBase.java:472)
	at org.apache.catalina.core.StandardHostValve.invoke(StandardHostValve.java:140)
	at org.apache.catalina.valves.ErrorReportValve.invoke(ErrorReportValve.java:79)
	at org.apache.catalina.valves.AbstractAccessLogValve.invoke(AbstractAccessLogValve.java:620)
	at org.apache.catalina.core.StandardEngineValve.invoke(StandardEngineValve.java:87)
	at org.apache.catalina.connector.CoyoteAdapter.service(CoyoteAdapter.java:349)
	at org.apache.coyote.http11.Http11Processor.service(Http11Processor.java:783)
	at org.apache.coyote.AbstractProcessorLight.process(AbstractProcessorLight.java:66)
	at org.apache.coyote.AbstractProtocol$ConnectionHandler.process(AbstractProtocol.java:745)
	at org.apache.tomcat.util.net.NioEndpoint$SocketProcessor.doRun(NioEndpoint.java:1455)
	at org.apache.tomcat.util.net.SocketProcessorBase.run(SocketProcessorBase.java:49)
	at java.util.concurrent.ThreadPoolExecutor.runWorker(ThreadPoolExecutor.java:1149)
	at java.util.concurrent.ThreadPoolExecutor$Worker.run(ThreadPoolExecutor.java:624)
	at org.apache.tomcat.util.threads.TaskThread$WrappingRunnable.run(TaskThread.java:61)
	at java.lang.Thread.run(Thread.java:748)

15-Nov-2017 21:27:02.425 SEVERE [http-nio-8080-exec-10] org.apache.catalina.core.StandardWrapperValve.invoke Servlet.service() for servlet [jsp] in context with path [/luceneweb] threw exception [Unable to compile class for JSP: 

An error occurred at line: 73 in the jsp file: /results.jsp
hits.totalHits cannot be resolved to a type
70:          </div>
71:      </form>
72:      <div class="row" style="float:right; width : 85%; left: 15%">
73:         <td></td><td>Number of hits page : <%=hits.totalHits%></td>
74:      </div>
75:      </div>
76:  </div>


Stacktrace:] with root cause
 org.apache.jasper.JasperException: Unable to compile class for JSP: 

An error occurred at line: 73 in the jsp file: /results.jsp
hits.totalHits cannot be resolved to a type
70:          </div>
71:      </form>
72:      <div class="row" style="float:right; width : 85%; left: 15%">
73:         <td></td><td>Number of hits page : <%=hits.totalHits%></td>
74:      </div>
75:      </div>
76:  </div>


Stacktrace:
	at org.apache.jasper.compiler.DefaultErrorHandler.javacError(DefaultErrorHandler.java:103)
	at org.apache.jasper.compiler.ErrorDispatcher.javacError(ErrorDispatcher.java:212)
	at org.apache.jasper.compiler.JDTCompiler.generateClass(JDTCompiler.java:457)
	at org.apache.jasper.compiler.Compiler.compile(Compiler.java:377)
	at org.apache.jasper.compiler.Compiler.compile(Compiler.java:349)
	at org.apache.jasper.compiler.Compiler.compile(Compiler.java:333)
	at org.apache.jasper.JspCompilationContext.compile(JspCompilationContext.java:600)
	at org.apache.jasper.servlet.JspServletWrapper.service(JspServletWrapper.java:368)
	at org.apache.jasper.servlet.JspServlet.serviceJspFile(JspServlet.java:385)
	at org.apache.jasper.servlet.JspServlet.service(JspServlet.java:329)
	at javax.servlet.http.HttpServlet.service(HttpServlet.java:729)
	at org.apache.catalina.core.ApplicationFilterChain.internalDoFilter(ApplicationFilterChain.java:230)
	at org.apache.catalina.core.ApplicationFilterChain.doFilter(ApplicationFilterChain.java:165)
	at org.apache.tomcat.websocket.server.WsFilter.doFilter(WsFilter.java:53)
	at org.apache.catalina.core.ApplicationFilterChain.internalDoFilter(ApplicationFilterChain.java:192)
	at org.apache.catalina.core.ApplicationFilterChain.doFilter(ApplicationFilterChain.java:165)
	at org.apache.catalina.core.StandardWrapperValve.invoke(StandardWrapperValve.java:199)
	at org.apache.catalina.core.StandardContextValve.invoke(StandardContextValve.java:108)
	at org.apache.catalina.authenticator.AuthenticatorBase.invoke(AuthenticatorBase.java:472)
	at org.apache.catalina.core.StandardHostValve.invoke(StandardHostValve.java:140)
	at org.apache.catalina.valves.ErrorReportValve.invoke(ErrorReportValve.java:79)
	at org.apache.catalina.valves.AbstractAccessLogValve.invoke(AbstractAccessLogValve.java:620)
	at org.apache.catalina.core.StandardEngineValve.invoke(StandardEngineValve.java:87)
	at org.apache.catalina.connector.CoyoteAdapter.service(CoyoteAdapter.java:349)
	at org.apache.coyote.http11.Http11Processor.service(Http11Processor.java:783)
	at org.apache.coyote.AbstractProcessorLight.process(AbstractProcessorLight.java:66)
	at org.apache.coyote.AbstractProtocol$ConnectionHandler.process(AbstractProtocol.java:745)
	at org.apache.tomcat.util.net.NioEndpoint$SocketProcessor.doRun(NioEndpoint.java:1455)
	at org.apache.tomcat.util.net.SocketProcessorBase.run(SocketProcessorBase.java:49)
	at java.util.concurrent.ThreadPoolExecutor.runWorker(ThreadPoolExecutor.java:1149)
	at java.util.concurrent.ThreadPoolExecutor$Worker.run(ThreadPoolExecutor.java:624)
	at org.apache.tomcat.util.threads.TaskThread$WrappingRunnable.run(TaskThread.java:61)
	at java.lang.Thread.run(Thread.java:748)

